{
  "stats": {
    "suites": 8,
    "tests": 19,
    "passes": 18,
    "pending": 0,
    "failures": 1,
    "start": "2017-04-09T06:09:27.440Z",
    "end": "2017-04-09T06:09:28.145Z",
    "duration": 705,
    "testsRegistered": 19,
    "passPercent": 94.7,
    "pendingPercent": 0,
    "other": 0,
    "hasOther": false,
    "skipped": 0,
    "hasSkipped": false,
    "passPercentClass": "success",
    "pendingPercentClass": "danger"
  },
  "suites": {
    "title": "",
    "suites": [
      {
        "title": "App",
        "suites": [
          {
            "title": "/app/version",
            "suites": [],
            "tests": [
              {
                "title": "http status 200 check",
                "fullTitle": "App /app/version http status 200 check",
                "timedOut": false,
                "duration": 192,
                "state": "passed",
                "speed": "slow",
                "pass": true,
                "fail": false,
                "pending": false,
                "code": "apigClient.invokeApi(params, pathTemplate, method, additionalParams, body)\n    .then(function (result) {\n        // assert.equal(\"3EF2E603F15B4DF6ACC12A0D5D34AF0F\", result.data.id);\n        responseData = result.data;\n        // console.log(result);\n        assert.equal(200, result.status);\n        console.log(responseData);\n        done();\n    }).catch(function (result) {\n        console.log(result);\n        done('error');\n});",
                "err": {},
                "isRoot": false,
                "uuid": "cc8850c1-ea21-4162-abc8-acd843270cd6",
                "parentUUID": "baec15d8-0139-4801-87fb-031cacb52a45",
                "skipped": false
              },
              {
                "title": "data null check",
                "fullTitle": "App /app/version data null check",
                "timedOut": false,
                "duration": 0,
                "state": "passed",
                "speed": "fast",
                "pass": true,
                "fail": false,
                "pending": false,
                "code": "assert(responseData.data != null);\nconsole.log(responseData.data);\ndone();",
                "err": {},
                "isRoot": false,
                "uuid": "30fb3db1-6e55-4c0c-a893-9df120f839e9",
                "parentUUID": "baec15d8-0139-4801-87fb-031cacb52a45",
                "skipped": false
              },
              {
                "title": "version check",
                "fullTitle": "App /app/version version check",
                "timedOut": false,
                "duration": 0,
                "state": "passed",
                "speed": "fast",
                "pass": true,
                "fail": false,
                "pending": false,
                "code": "assert(responseData.data.version != null);\nconsole.log(responseData.data.version)\ndone();",
                "err": {},
                "isRoot": false,
                "uuid": "822777b4-9247-428a-a619-5d6d04febd49",
                "parentUUID": "baec15d8-0139-4801-87fb-031cacb52a45",
                "skipped": false
              }
            ],
            "pending": [],
            "root": false,
            "_timeout": 2000,
            "file": "/test/app.js",
            "uuid": "baec15d8-0139-4801-87fb-031cacb52a45",
            "fullFile": "/Users/bok95/bluehack/apiway/tc/walkon-api-test/test/app.js",
            "passes": [
              {
                "title": "http status 200 check",
                "fullTitle": "App /app/version http status 200 check",
                "timedOut": false,
                "duration": 192,
                "state": "passed",
                "speed": "slow",
                "pass": true,
                "fail": false,
                "pending": false,
                "code": "apigClient.invokeApi(params, pathTemplate, method, additionalParams, body)\n    .then(function (result) {\n        // assert.equal(\"3EF2E603F15B4DF6ACC12A0D5D34AF0F\", result.data.id);\n        responseData = result.data;\n        // console.log(result);\n        assert.equal(200, result.status);\n        console.log(responseData);\n        done();\n    }).catch(function (result) {\n        console.log(result);\n        done('error');\n});",
                "err": {},
                "isRoot": false,
                "uuid": "cc8850c1-ea21-4162-abc8-acd843270cd6",
                "parentUUID": "baec15d8-0139-4801-87fb-031cacb52a45",
                "skipped": false
              },
              {
                "title": "data null check",
                "fullTitle": "App /app/version data null check",
                "timedOut": false,
                "duration": 0,
                "state": "passed",
                "speed": "fast",
                "pass": true,
                "fail": false,
                "pending": false,
                "code": "assert(responseData.data != null);\nconsole.log(responseData.data);\ndone();",
                "err": {},
                "isRoot": false,
                "uuid": "30fb3db1-6e55-4c0c-a893-9df120f839e9",
                "parentUUID": "baec15d8-0139-4801-87fb-031cacb52a45",
                "skipped": false
              },
              {
                "title": "version check",
                "fullTitle": "App /app/version version check",
                "timedOut": false,
                "duration": 0,
                "state": "passed",
                "speed": "fast",
                "pass": true,
                "fail": false,
                "pending": false,
                "code": "assert(responseData.data.version != null);\nconsole.log(responseData.data.version)\ndone();",
                "err": {},
                "isRoot": false,
                "uuid": "822777b4-9247-428a-a619-5d6d04febd49",
                "parentUUID": "baec15d8-0139-4801-87fb-031cacb52a45",
                "skipped": false
              }
            ],
            "failures": [],
            "skipped": [],
            "hasTests": true,
            "hasSuites": false,
            "totalTests": 3,
            "totalPasses": 3,
            "totalFailures": 0,
            "totalPending": 0,
            "totalSkipped": 0,
            "hasPasses": true,
            "hasFailures": false,
            "hasPending": false,
            "hasSkipped": false,
            "duration": 192,
            "rootEmpty": false
          },
          {
            "title": "/app/notice",
            "suites": [],
            "tests": [
              {
                "title": "http status 200 check",
                "fullTitle": "App /app/notice http status 200 check",
                "timedOut": false,
                "duration": 86,
                "state": "passed",
                "speed": "slow",
                "pass": true,
                "fail": false,
                "pending": false,
                "code": "apigClient.invokeApi(params, pathTemplate, method, additionalParams, body)\n    .then(function (result) {\n        // assert.equal(\"3EF2E603F15B4DF6ACC12A0D5D34AF0F\", result.data.id);\n        responseData = result.data;\n        // console.log(result);\n        assert.equal(200, result.status);\n        console.log(responseData);\n        done();\n    }).catch(function (result) {\n    console.log(result);\n    done('error');\n});",
                "err": {},
                "isRoot": false,
                "uuid": "2ede825d-b7a2-4b82-9ef4-bd34f8f01ace",
                "parentUUID": "9526282d-34d2-4641-abde-65d007c9c103",
                "skipped": false
              },
              {
                "title": "data null check",
                "fullTitle": "App /app/notice data null check",
                "timedOut": false,
                "duration": 1,
                "state": "passed",
                "speed": "fast",
                "pass": true,
                "fail": false,
                "pending": false,
                "code": "assert(responseData.data != null);\nconsole.log(responseData.data);\ndone();",
                "err": {},
                "isRoot": false,
                "uuid": "2c877dda-e09f-4984-879a-b5479009aba1",
                "parentUUID": "9526282d-34d2-4641-abde-65d007c9c103",
                "skipped": false
              },
              {
                "title": "data.notices null check",
                "fullTitle": "App /app/notice data.notices null check",
                "timedOut": false,
                "duration": 1,
                "state": "passed",
                "speed": "fast",
                "pass": true,
                "fail": false,
                "pending": false,
                "code": "assert(responseData.data.notices != null);\nconsole.log(responseData.data.notices);\ndone();",
                "err": {},
                "isRoot": false,
                "uuid": "e722984c-0d36-49e0-a202-c9c234aa6fe4",
                "parentUUID": "9526282d-34d2-4641-abde-65d007c9c103",
                "skipped": false
              },
              {
                "title": "data.notices size check",
                "fullTitle": "App /app/notice data.notices size check",
                "timedOut": false,
                "duration": 1,
                "state": "passed",
                "speed": "fast",
                "pass": true,
                "fail": false,
                "pending": false,
                "code": "assert(responseData.data.notices.length > 0);\nconsole.log(responseData.data.notices);\ndone();",
                "err": {},
                "isRoot": false,
                "uuid": "34f36716-adad-4f64-bb57-aaf5bfbb89ad",
                "parentUUID": "9526282d-34d2-4641-abde-65d007c9c103",
                "skipped": false
              }
            ],
            "pending": [],
            "root": false,
            "_timeout": 2000,
            "file": "/test/app.js",
            "uuid": "9526282d-34d2-4641-abde-65d007c9c103",
            "fullFile": "/Users/bok95/bluehack/apiway/tc/walkon-api-test/test/app.js",
            "passes": [
              {
                "title": "http status 200 check",
                "fullTitle": "App /app/notice http status 200 check",
                "timedOut": false,
                "duration": 86,
                "state": "passed",
                "speed": "slow",
                "pass": true,
                "fail": false,
                "pending": false,
                "code": "apigClient.invokeApi(params, pathTemplate, method, additionalParams, body)\n    .then(function (result) {\n        // assert.equal(\"3EF2E603F15B4DF6ACC12A0D5D34AF0F\", result.data.id);\n        responseData = result.data;\n        // console.log(result);\n        assert.equal(200, result.status);\n        console.log(responseData);\n        done();\n    }).catch(function (result) {\n    console.log(result);\n    done('error');\n});",
                "err": {},
                "isRoot": false,
                "uuid": "2ede825d-b7a2-4b82-9ef4-bd34f8f01ace",
                "parentUUID": "9526282d-34d2-4641-abde-65d007c9c103",
                "skipped": false
              },
              {
                "title": "data null check",
                "fullTitle": "App /app/notice data null check",
                "timedOut": false,
                "duration": 1,
                "state": "passed",
                "speed": "fast",
                "pass": true,
                "fail": false,
                "pending": false,
                "code": "assert(responseData.data != null);\nconsole.log(responseData.data);\ndone();",
                "err": {},
                "isRoot": false,
                "uuid": "2c877dda-e09f-4984-879a-b5479009aba1",
                "parentUUID": "9526282d-34d2-4641-abde-65d007c9c103",
                "skipped": false
              },
              {
                "title": "data.notices null check",
                "fullTitle": "App /app/notice data.notices null check",
                "timedOut": false,
                "duration": 1,
                "state": "passed",
                "speed": "fast",
                "pass": true,
                "fail": false,
                "pending": false,
                "code": "assert(responseData.data.notices != null);\nconsole.log(responseData.data.notices);\ndone();",
                "err": {},
                "isRoot": false,
                "uuid": "e722984c-0d36-49e0-a202-c9c234aa6fe4",
                "parentUUID": "9526282d-34d2-4641-abde-65d007c9c103",
                "skipped": false
              },
              {
                "title": "data.notices size check",
                "fullTitle": "App /app/notice data.notices size check",
                "timedOut": false,
                "duration": 1,
                "state": "passed",
                "speed": "fast",
                "pass": true,
                "fail": false,
                "pending": false,
                "code": "assert(responseData.data.notices.length > 0);\nconsole.log(responseData.data.notices);\ndone();",
                "err": {},
                "isRoot": false,
                "uuid": "34f36716-adad-4f64-bb57-aaf5bfbb89ad",
                "parentUUID": "9526282d-34d2-4641-abde-65d007c9c103",
                "skipped": false
              }
            ],
            "failures": [],
            "skipped": [],
            "hasTests": true,
            "hasSuites": false,
            "totalTests": 4,
            "totalPasses": 4,
            "totalFailures": 0,
            "totalPending": 0,
            "totalSkipped": 0,
            "hasPasses": true,
            "hasFailures": false,
            "hasPending": false,
            "hasSkipped": false,
            "duration": 89,
            "rootEmpty": false
          },
          {
            "title": "/app/terms",
            "suites": [],
            "tests": [
              {
                "title": "http status 200 check",
                "fullTitle": "App /app/terms http status 200 check",
                "timedOut": false,
                "duration": 75,
                "state": "passed",
                "speed": "medium",
                "pass": true,
                "fail": false,
                "pending": false,
                "code": "apigClient.invokeApi(params, pathTemplate, method, additionalParams, body)\n    .then(function (result) {\n        // assert.equal(\"3EF2E603F15B4DF6ACC12A0D5D34AF0F\", result.data.id);\n        responseData = result.data;\n        // console.log(result);\n        assert.equal(200, result.status);\n        console.log(responseData);\n        done();\n    }).catch(function (result) {\n    console.log(result);\n    done('error');\n});",
                "err": {},
                "isRoot": false,
                "uuid": "6116567c-695c-4e3b-90b2-a3841ed201d5",
                "parentUUID": "b8a20d54-f3d9-4758-9585-1104a1085462",
                "skipped": false
              },
              {
                "title": "data null check",
                "fullTitle": "App /app/terms data null check",
                "timedOut": false,
                "duration": 1,
                "state": "passed",
                "speed": "fast",
                "pass": true,
                "fail": false,
                "pending": false,
                "code": "assert(responseData.data != null);\nconsole.log(responseData.data);\ndone();",
                "err": {},
                "isRoot": false,
                "uuid": "5c4c3578-f3fa-4a22-8549-9d95ba593b72",
                "parentUUID": "b8a20d54-f3d9-4758-9585-1104a1085462",
                "skipped": false
              },
              {
                "title": "data.terms null check",
                "fullTitle": "App /app/terms data.terms null check",
                "timedOut": false,
                "duration": 0,
                "state": "passed",
                "speed": "fast",
                "pass": true,
                "fail": false,
                "pending": false,
                "code": "assert(responseData.data.terms!= null);\nconsole.log(responseData.data.terms);\ndone();",
                "err": {},
                "isRoot": false,
                "uuid": "c42e3491-6840-40fa-bb80-8ed6a0df74f5",
                "parentUUID": "b8a20d54-f3d9-4758-9585-1104a1085462",
                "skipped": false
              },
              {
                "title": "data.terms size check",
                "fullTitle": "App /app/terms data.terms size check",
                "timedOut": false,
                "duration": 1,
                "state": "passed",
                "speed": "fast",
                "pass": true,
                "fail": false,
                "pending": false,
                "code": "assert(responseData.data.terms.length > 0);\nconsole.log(responseData.data.terms);\ndone();",
                "err": {},
                "isRoot": false,
                "uuid": "eecd52b7-c04c-40ff-bb10-52a0d4f2a136",
                "parentUUID": "b8a20d54-f3d9-4758-9585-1104a1085462",
                "skipped": false
              }
            ],
            "pending": [],
            "root": false,
            "_timeout": 2000,
            "file": "/test/app.js",
            "uuid": "b8a20d54-f3d9-4758-9585-1104a1085462",
            "fullFile": "/Users/bok95/bluehack/apiway/tc/walkon-api-test/test/app.js",
            "passes": [
              {
                "title": "http status 200 check",
                "fullTitle": "App /app/terms http status 200 check",
                "timedOut": false,
                "duration": 75,
                "state": "passed",
                "speed": "medium",
                "pass": true,
                "fail": false,
                "pending": false,
                "code": "apigClient.invokeApi(params, pathTemplate, method, additionalParams, body)\n    .then(function (result) {\n        // assert.equal(\"3EF2E603F15B4DF6ACC12A0D5D34AF0F\", result.data.id);\n        responseData = result.data;\n        // console.log(result);\n        assert.equal(200, result.status);\n        console.log(responseData);\n        done();\n    }).catch(function (result) {\n    console.log(result);\n    done('error');\n});",
                "err": {},
                "isRoot": false,
                "uuid": "6116567c-695c-4e3b-90b2-a3841ed201d5",
                "parentUUID": "b8a20d54-f3d9-4758-9585-1104a1085462",
                "skipped": false
              },
              {
                "title": "data null check",
                "fullTitle": "App /app/terms data null check",
                "timedOut": false,
                "duration": 1,
                "state": "passed",
                "speed": "fast",
                "pass": true,
                "fail": false,
                "pending": false,
                "code": "assert(responseData.data != null);\nconsole.log(responseData.data);\ndone();",
                "err": {},
                "isRoot": false,
                "uuid": "5c4c3578-f3fa-4a22-8549-9d95ba593b72",
                "parentUUID": "b8a20d54-f3d9-4758-9585-1104a1085462",
                "skipped": false
              },
              {
                "title": "data.terms null check",
                "fullTitle": "App /app/terms data.terms null check",
                "timedOut": false,
                "duration": 0,
                "state": "passed",
                "speed": "fast",
                "pass": true,
                "fail": false,
                "pending": false,
                "code": "assert(responseData.data.terms!= null);\nconsole.log(responseData.data.terms);\ndone();",
                "err": {},
                "isRoot": false,
                "uuid": "c42e3491-6840-40fa-bb80-8ed6a0df74f5",
                "parentUUID": "b8a20d54-f3d9-4758-9585-1104a1085462",
                "skipped": false
              },
              {
                "title": "data.terms size check",
                "fullTitle": "App /app/terms data.terms size check",
                "timedOut": false,
                "duration": 1,
                "state": "passed",
                "speed": "fast",
                "pass": true,
                "fail": false,
                "pending": false,
                "code": "assert(responseData.data.terms.length > 0);\nconsole.log(responseData.data.terms);\ndone();",
                "err": {},
                "isRoot": false,
                "uuid": "eecd52b7-c04c-40ff-bb10-52a0d4f2a136",
                "parentUUID": "b8a20d54-f3d9-4758-9585-1104a1085462",
                "skipped": false
              }
            ],
            "failures": [],
            "skipped": [],
            "hasTests": true,
            "hasSuites": false,
            "totalTests": 4,
            "totalPasses": 4,
            "totalFailures": 0,
            "totalPending": 0,
            "totalSkipped": 0,
            "hasPasses": true,
            "hasFailures": false,
            "hasPending": false,
            "hasSkipped": false,
            "duration": 77,
            "rootEmpty": false
          },
          {
            "title": "/app/notice/popup",
            "suites": [],
            "tests": [
              {
                "title": "http status 200 check",
                "fullTitle": "App /app/notice/popup http status 200 check",
                "timedOut": false,
                "duration": 70,
                "state": "passed",
                "speed": "medium",
                "pass": true,
                "fail": false,
                "pending": false,
                "code": "apigClient.invokeApi(params, pathTemplate, method, additionalParams, body)\n    .then(function (result) {\n        responseData = result.data;\n        assert.equal(200, result.status);\n        console.log(responseData);\n        done();\n    }).catch(function (result) {\n    console.log(result);\n    done('error');\n});",
                "err": {},
                "isRoot": false,
                "uuid": "f92195e2-b09b-42e5-ab7e-9e59850e3645",
                "parentUUID": "57b1ba3b-9323-4add-b0cf-9509d2d4c625",
                "skipped": false
              },
              {
                "title": "data null check",
                "fullTitle": "App /app/notice/popup data null check",
                "timedOut": false,
                "duration": 1,
                "state": "passed",
                "speed": "fast",
                "pass": true,
                "fail": false,
                "pending": false,
                "code": "assert(responseData.data != null);\nconsole.log(responseData.data);\ndone();",
                "err": {},
                "isRoot": false,
                "uuid": "b63f4c9d-6dc3-4c6a-822b-2d669e784d3c",
                "parentUUID": "57b1ba3b-9323-4add-b0cf-9509d2d4c625",
                "skipped": false
              },
              {
                "title": "data.popup null check",
                "fullTitle": "App /app/notice/popup data.popup null check",
                "timedOut": false,
                "duration": 0,
                "state": "passed",
                "speed": "fast",
                "pass": true,
                "fail": false,
                "pending": false,
                "code": "assert(responseData.data.popup!= null);\nconsole.log(responseData.data.popup);\ndone();",
                "err": {},
                "isRoot": false,
                "uuid": "27bd754a-0f10-4e89-8845-9f44cc2df2bd",
                "parentUUID": "57b1ba3b-9323-4add-b0cf-9509d2d4c625",
                "skipped": false
              },
              {
                "title": "data.popup size check",
                "fullTitle": "App /app/notice/popup data.popup size check",
                "timedOut": false,
                "duration": 1,
                "state": "failed",
                "pass": false,
                "fail": true,
                "pending": false,
                "code": "assert(responseData.data.popup.length > 0);\nconsole.log(responseData.popup.terms);\ndone();",
                "err": {
                  "name": "AssertionError",
                  "actual": "false",
                  "expected": "true",
                  "operator": "==",
                  "message": "false == true",
                  "generatedMessage": true,
                  "estack": "AssertionError: false == true\n    at Context.<anonymous> (test/app.js:187:13)",
                  "diff": "- false\n+ true\n"
                },
                "isRoot": false,
                "uuid": "a16ecb2d-f3a9-4dbd-b734-0b8329d536a1",
                "parentUUID": "57b1ba3b-9323-4add-b0cf-9509d2d4c625",
                "skipped": false
              }
            ],
            "pending": [],
            "root": false,
            "_timeout": 2000,
            "file": "/test/app.js",
            "uuid": "57b1ba3b-9323-4add-b0cf-9509d2d4c625",
            "fullFile": "/Users/bok95/bluehack/apiway/tc/walkon-api-test/test/app.js",
            "passes": [
              {
                "title": "http status 200 check",
                "fullTitle": "App /app/notice/popup http status 200 check",
                "timedOut": false,
                "duration": 70,
                "state": "passed",
                "speed": "medium",
                "pass": true,
                "fail": false,
                "pending": false,
                "code": "apigClient.invokeApi(params, pathTemplate, method, additionalParams, body)\n    .then(function (result) {\n        responseData = result.data;\n        assert.equal(200, result.status);\n        console.log(responseData);\n        done();\n    }).catch(function (result) {\n    console.log(result);\n    done('error');\n});",
                "err": {},
                "isRoot": false,
                "uuid": "f92195e2-b09b-42e5-ab7e-9e59850e3645",
                "parentUUID": "57b1ba3b-9323-4add-b0cf-9509d2d4c625",
                "skipped": false
              },
              {
                "title": "data null check",
                "fullTitle": "App /app/notice/popup data null check",
                "timedOut": false,
                "duration": 1,
                "state": "passed",
                "speed": "fast",
                "pass": true,
                "fail": false,
                "pending": false,
                "code": "assert(responseData.data != null);\nconsole.log(responseData.data);\ndone();",
                "err": {},
                "isRoot": false,
                "uuid": "b63f4c9d-6dc3-4c6a-822b-2d669e784d3c",
                "parentUUID": "57b1ba3b-9323-4add-b0cf-9509d2d4c625",
                "skipped": false
              },
              {
                "title": "data.popup null check",
                "fullTitle": "App /app/notice/popup data.popup null check",
                "timedOut": false,
                "duration": 0,
                "state": "passed",
                "speed": "fast",
                "pass": true,
                "fail": false,
                "pending": false,
                "code": "assert(responseData.data.popup!= null);\nconsole.log(responseData.data.popup);\ndone();",
                "err": {},
                "isRoot": false,
                "uuid": "27bd754a-0f10-4e89-8845-9f44cc2df2bd",
                "parentUUID": "57b1ba3b-9323-4add-b0cf-9509d2d4c625",
                "skipped": false
              }
            ],
            "failures": [
              {
                "title": "data.popup size check",
                "fullTitle": "App /app/notice/popup data.popup size check",
                "timedOut": false,
                "duration": 1,
                "state": "failed",
                "pass": false,
                "fail": true,
                "pending": false,
                "code": "assert(responseData.data.popup.length > 0);\nconsole.log(responseData.popup.terms);\ndone();",
                "err": {
                  "name": "AssertionError",
                  "actual": "false",
                  "expected": "true",
                  "operator": "==",
                  "message": "false == true",
                  "generatedMessage": true,
                  "estack": "AssertionError: false == true\n    at Context.<anonymous> (test/app.js:187:13)",
                  "diff": "- false\n+ true\n"
                },
                "isRoot": false,
                "uuid": "a16ecb2d-f3a9-4dbd-b734-0b8329d536a1",
                "parentUUID": "57b1ba3b-9323-4add-b0cf-9509d2d4c625",
                "skipped": false
              }
            ],
            "skipped": [],
            "hasTests": true,
            "hasSuites": false,
            "totalTests": 4,
            "totalPasses": 3,
            "totalFailures": 1,
            "totalPending": 0,
            "totalSkipped": 0,
            "hasPasses": true,
            "hasFailures": true,
            "hasPending": false,
            "hasSkipped": false,
            "duration": 72,
            "rootEmpty": false
          },
          {
            "title": "/app/action/log",
            "suites": [],
            "tests": [
              {
                "title": "http status 200 check",
                "fullTitle": "App /app/action/log http status 200 check",
                "timedOut": false,
                "duration": 83,
                "state": "passed",
                "speed": "slow",
                "pass": true,
                "fail": false,
                "pending": false,
                "code": "apigClient.invokeApi(params, pathTemplate, method, additionalParams, body)\n    .then(function (result) {\n        responseData = result.data;\n        assert.equal(200, result.status);\n        console.log(responseData);\n        done();\n    }).catch(function (result) {\n    console.log(result);\n    done('error');\n});",
                "err": {},
                "isRoot": false,
                "uuid": "43db3f6e-3c4a-4ecb-8dac-a42433146557",
                "parentUUID": "ae50ce31-43ef-46a3-be4b-d4db616bff3b",
                "skipped": false
              }
            ],
            "pending": [],
            "root": false,
            "_timeout": 2000,
            "file": "/test/app.js",
            "uuid": "ae50ce31-43ef-46a3-be4b-d4db616bff3b",
            "fullFile": "/Users/bok95/bluehack/apiway/tc/walkon-api-test/test/app.js",
            "passes": [
              {
                "title": "http status 200 check",
                "fullTitle": "App /app/action/log http status 200 check",
                "timedOut": false,
                "duration": 83,
                "state": "passed",
                "speed": "slow",
                "pass": true,
                "fail": false,
                "pending": false,
                "code": "apigClient.invokeApi(params, pathTemplate, method, additionalParams, body)\n    .then(function (result) {\n        responseData = result.data;\n        assert.equal(200, result.status);\n        console.log(responseData);\n        done();\n    }).catch(function (result) {\n    console.log(result);\n    done('error');\n});",
                "err": {},
                "isRoot": false,
                "uuid": "43db3f6e-3c4a-4ecb-8dac-a42433146557",
                "parentUUID": "ae50ce31-43ef-46a3-be4b-d4db616bff3b",
                "skipped": false
              }
            ],
            "failures": [],
            "skipped": [],
            "hasTests": true,
            "hasSuites": false,
            "totalTests": 1,
            "totalPasses": 1,
            "totalFailures": 0,
            "totalPending": 0,
            "totalSkipped": 0,
            "hasPasses": true,
            "hasFailures": false,
            "hasPending": false,
            "hasSkipped": false,
            "duration": 83,
            "rootEmpty": false
          },
          {
            "title": "/app/feedback/upload",
            "suites": [],
            "tests": [
              {
                "title": "http status 200 check",
                "fullTitle": "App /app/feedback/upload http status 200 check",
                "timedOut": false,
                "duration": 76,
                "state": "passed",
                "speed": "slow",
                "pass": true,
                "fail": false,
                "pending": false,
                "code": "apigClient.invokeApi(params, pathTemplate, method, additionalParams, body)\n    .then(function (result) {\n        responseData = result.data;\n        assert.equal(200, result.status);\n        console.log(responseData);\n        done();\n    }).catch(function (result) {\n    console.log(result);\n    done('error');\n});",
                "err": {},
                "isRoot": false,
                "uuid": "937440e4-985d-40cb-b16e-c9a1dfe49811",
                "parentUUID": "e815e3c2-a4c4-48b3-b896-e959459f3c29",
                "skipped": false
              }
            ],
            "pending": [],
            "root": false,
            "_timeout": 2000,
            "file": "/test/app.js",
            "uuid": "e815e3c2-a4c4-48b3-b896-e959459f3c29",
            "fullFile": "/Users/bok95/bluehack/apiway/tc/walkon-api-test/test/app.js",
            "passes": [
              {
                "title": "http status 200 check",
                "fullTitle": "App /app/feedback/upload http status 200 check",
                "timedOut": false,
                "duration": 76,
                "state": "passed",
                "speed": "slow",
                "pass": true,
                "fail": false,
                "pending": false,
                "code": "apigClient.invokeApi(params, pathTemplate, method, additionalParams, body)\n    .then(function (result) {\n        responseData = result.data;\n        assert.equal(200, result.status);\n        console.log(responseData);\n        done();\n    }).catch(function (result) {\n    console.log(result);\n    done('error');\n});",
                "err": {},
                "isRoot": false,
                "uuid": "937440e4-985d-40cb-b16e-c9a1dfe49811",
                "parentUUID": "e815e3c2-a4c4-48b3-b896-e959459f3c29",
                "skipped": false
              }
            ],
            "failures": [],
            "skipped": [],
            "hasTests": true,
            "hasSuites": false,
            "totalTests": 1,
            "totalPasses": 1,
            "totalFailures": 0,
            "totalPending": 0,
            "totalSkipped": 0,
            "hasPasses": true,
            "hasFailures": false,
            "hasPending": false,
            "hasSkipped": false,
            "duration": 76,
            "rootEmpty": false
          },
          {
            "title": "/app/ping",
            "suites": [],
            "tests": [
              {
                "title": "http status 200 check",
                "fullTitle": "App /app/ping http status 200 check",
                "timedOut": false,
                "duration": 38,
                "state": "passed",
                "speed": "medium",
                "pass": true,
                "fail": false,
                "pending": false,
                "code": "apigClient.invokeApi(params, pathTemplate, method, additionalParams, body)\n    .then(function (result) {\n        responseData = result.data;\n        httpResult = result;\n        assert.equal(200, result.status);\n        console.log(responseData);\n        done();\n    }).catch(function (result) {\n    console.log(result);\n    done('error');\n});",
                "err": {},
                "isRoot": false,
                "uuid": "ce4e1172-8805-4c1c-8264-d1a3e4d94dcb",
                "parentUUID": "3a87bb7b-a95d-42a1-a78c-16033fc1d11f",
                "skipped": false
              },
              {
                "title": "Read date from http header",
                "fullTitle": "App /app/ping Read date from http header",
                "timedOut": false,
                "duration": 0,
                "state": "passed",
                "speed": "fast",
                "pass": true,
                "fail": false,
                "pending": false,
                "code": "assert(httpResult.headers.date != null);\nconsole.log(httpResult.headers.date);\ndone();",
                "err": {},
                "isRoot": false,
                "uuid": "794d9bd1-b768-4100-a969-43a51b5207c8",
                "parentUUID": "3a87bb7b-a95d-42a1-a78c-16033fc1d11f",
                "skipped": false
              }
            ],
            "pending": [],
            "root": false,
            "_timeout": 2000,
            "file": "/test/app.js",
            "uuid": "3a87bb7b-a95d-42a1-a78c-16033fc1d11f",
            "fullFile": "/Users/bok95/bluehack/apiway/tc/walkon-api-test/test/app.js",
            "passes": [
              {
                "title": "http status 200 check",
                "fullTitle": "App /app/ping http status 200 check",
                "timedOut": false,
                "duration": 38,
                "state": "passed",
                "speed": "medium",
                "pass": true,
                "fail": false,
                "pending": false,
                "code": "apigClient.invokeApi(params, pathTemplate, method, additionalParams, body)\n    .then(function (result) {\n        responseData = result.data;\n        httpResult = result;\n        assert.equal(200, result.status);\n        console.log(responseData);\n        done();\n    }).catch(function (result) {\n    console.log(result);\n    done('error');\n});",
                "err": {},
                "isRoot": false,
                "uuid": "ce4e1172-8805-4c1c-8264-d1a3e4d94dcb",
                "parentUUID": "3a87bb7b-a95d-42a1-a78c-16033fc1d11f",
                "skipped": false
              },
              {
                "title": "Read date from http header",
                "fullTitle": "App /app/ping Read date from http header",
                "timedOut": false,
                "duration": 0,
                "state": "passed",
                "speed": "fast",
                "pass": true,
                "fail": false,
                "pending": false,
                "code": "assert(httpResult.headers.date != null);\nconsole.log(httpResult.headers.date);\ndone();",
                "err": {},
                "isRoot": false,
                "uuid": "794d9bd1-b768-4100-a969-43a51b5207c8",
                "parentUUID": "3a87bb7b-a95d-42a1-a78c-16033fc1d11f",
                "skipped": false
              }
            ],
            "failures": [],
            "skipped": [],
            "hasTests": true,
            "hasSuites": false,
            "totalTests": 2,
            "totalPasses": 2,
            "totalFailures": 0,
            "totalPending": 0,
            "totalSkipped": 0,
            "hasPasses": true,
            "hasFailures": false,
            "hasPending": false,
            "hasSkipped": false,
            "duration": 38,
            "rootEmpty": false
          }
        ],
        "tests": [],
        "pending": [],
        "root": false,
        "_timeout": 2000,
        "file": "/test/app.js",
        "uuid": "b542b566-8d2d-4d40-9904-ae5a2ef36d35",
        "fullFile": "/Users/bok95/bluehack/apiway/tc/walkon-api-test/test/app.js",
        "passes": [],
        "failures": [],
        "skipped": [],
        "hasTests": false,
        "hasSuites": true,
        "totalTests": 0,
        "totalPasses": 0,
        "totalFailures": 0,
        "totalPending": 0,
        "totalSkipped": 0,
        "hasPasses": false,
        "hasFailures": false,
        "hasPending": false,
        "hasSkipped": false,
        "duration": 0,
        "rootEmpty": false
      }
    ],
    "tests": [],
    "pending": [],
    "root": true,
    "_timeout": 2000,
    "uuid": "b004886d-3d46-4a27-90f4-e2ef2e2f93be",
    "fullFile": "",
    "file": "",
    "passes": [],
    "failures": [],
    "skipped": [],
    "hasTests": false,
    "hasSuites": true,
    "totalTests": 0,
    "totalPasses": 0,
    "totalFailures": 0,
    "totalPending": 0,
    "totalSkipped": 0,
    "hasPasses": false,
    "hasFailures": false,
    "hasPending": false,
    "hasSkipped": false,
    "duration": 0,
    "rootEmpty": true
  },
  "allTests": [
    {
      "title": "http status 200 check",
      "fullTitle": "/app/version http status 200 check",
      "timedOut": false,
      "duration": 192,
      "state": "passed",
      "speed": "slow",
      "pass": true,
      "fail": false,
      "pending": false,
      "code": "apigClient.invokeApi(params, pathTemplate, method, additionalParams, body)\n    .then(function (result) {\n        // assert.equal(\"3EF2E603F15B4DF6ACC12A0D5D34AF0F\", result.data.id);\n        responseData = result.data;\n        // console.log(result);\n        assert.equal(200, result.status);\n        console.log(responseData);\n        done();\n    }).catch(function (result) {\n        console.log(result);\n        done('error');\n});",
      "err": {},
      "isRoot": false,
      "uuid": "cc8850c1-ea21-4162-abc8-acd843270cd6",
      "parentUUID": "baec15d8-0139-4801-87fb-031cacb52a45",
      "skipped": false
    },
    {
      "title": "data null check",
      "fullTitle": "/app/version data null check",
      "timedOut": false,
      "duration": 0,
      "state": "passed",
      "speed": "fast",
      "pass": true,
      "fail": false,
      "pending": false,
      "code": "assert(responseData.data != null);\nconsole.log(responseData.data);\ndone();",
      "err": {},
      "isRoot": false,
      "uuid": "30fb3db1-6e55-4c0c-a893-9df120f839e9",
      "parentUUID": "baec15d8-0139-4801-87fb-031cacb52a45",
      "skipped": false
    },
    {
      "title": "version check",
      "fullTitle": "/app/version version check",
      "timedOut": false,
      "duration": 0,
      "state": "passed",
      "speed": "fast",
      "pass": true,
      "fail": false,
      "pending": false,
      "code": "assert(responseData.data.version != null);\nconsole.log(responseData.data.version)\ndone();",
      "err": {},
      "isRoot": false,
      "uuid": "822777b4-9247-428a-a619-5d6d04febd49",
      "parentUUID": "baec15d8-0139-4801-87fb-031cacb52a45",
      "skipped": false
    },
    {
      "title": "http status 200 check",
      "fullTitle": "/app/notice http status 200 check",
      "timedOut": false,
      "duration": 86,
      "state": "passed",
      "speed": "slow",
      "pass": true,
      "fail": false,
      "pending": false,
      "code": "apigClient.invokeApi(params, pathTemplate, method, additionalParams, body)\n    .then(function (result) {\n        // assert.equal(\"3EF2E603F15B4DF6ACC12A0D5D34AF0F\", result.data.id);\n        responseData = result.data;\n        // console.log(result);\n        assert.equal(200, result.status);\n        console.log(responseData);\n        done();\n    }).catch(function (result) {\n    console.log(result);\n    done('error');\n});",
      "err": {},
      "isRoot": false,
      "uuid": "2ede825d-b7a2-4b82-9ef4-bd34f8f01ace",
      "parentUUID": "9526282d-34d2-4641-abde-65d007c9c103",
      "skipped": false
    },
    {
      "title": "data null check",
      "fullTitle": "/app/notice data null check",
      "timedOut": false,
      "duration": 1,
      "state": "passed",
      "speed": "fast",
      "pass": true,
      "fail": false,
      "pending": false,
      "code": "assert(responseData.data != null);\nconsole.log(responseData.data);\ndone();",
      "err": {},
      "isRoot": false,
      "uuid": "2c877dda-e09f-4984-879a-b5479009aba1",
      "parentUUID": "9526282d-34d2-4641-abde-65d007c9c103",
      "skipped": false
    },
    {
      "title": "data.notices null check",
      "fullTitle": "/app/notice data.notices null check",
      "timedOut": false,
      "duration": 1,
      "state": "passed",
      "speed": "fast",
      "pass": true,
      "fail": false,
      "pending": false,
      "code": "assert(responseData.data.notices != null);\nconsole.log(responseData.data.notices);\ndone();",
      "err": {},
      "isRoot": false,
      "uuid": "e722984c-0d36-49e0-a202-c9c234aa6fe4",
      "parentUUID": "9526282d-34d2-4641-abde-65d007c9c103",
      "skipped": false
    },
    {
      "title": "data.notices size check",
      "fullTitle": "/app/notice data.notices size check",
      "timedOut": false,
      "duration": 1,
      "state": "passed",
      "speed": "fast",
      "pass": true,
      "fail": false,
      "pending": false,
      "code": "assert(responseData.data.notices.length > 0);\nconsole.log(responseData.data.notices);\ndone();",
      "err": {},
      "isRoot": false,
      "uuid": "34f36716-adad-4f64-bb57-aaf5bfbb89ad",
      "parentUUID": "9526282d-34d2-4641-abde-65d007c9c103",
      "skipped": false
    },
    {
      "title": "http status 200 check",
      "fullTitle": "/app/terms http status 200 check",
      "timedOut": false,
      "duration": 75,
      "state": "passed",
      "speed": "medium",
      "pass": true,
      "fail": false,
      "pending": false,
      "code": "apigClient.invokeApi(params, pathTemplate, method, additionalParams, body)\n    .then(function (result) {\n        // assert.equal(\"3EF2E603F15B4DF6ACC12A0D5D34AF0F\", result.data.id);\n        responseData = result.data;\n        // console.log(result);\n        assert.equal(200, result.status);\n        console.log(responseData);\n        done();\n    }).catch(function (result) {\n    console.log(result);\n    done('error');\n});",
      "err": {},
      "isRoot": false,
      "uuid": "6116567c-695c-4e3b-90b2-a3841ed201d5",
      "parentUUID": "b8a20d54-f3d9-4758-9585-1104a1085462",
      "skipped": false
    },
    {
      "title": "data null check",
      "fullTitle": "/app/terms data null check",
      "timedOut": false,
      "duration": 1,
      "state": "passed",
      "speed": "fast",
      "pass": true,
      "fail": false,
      "pending": false,
      "code": "assert(responseData.data != null);\nconsole.log(responseData.data);\ndone();",
      "err": {},
      "isRoot": false,
      "uuid": "5c4c3578-f3fa-4a22-8549-9d95ba593b72",
      "parentUUID": "b8a20d54-f3d9-4758-9585-1104a1085462",
      "skipped": false
    },
    {
      "title": "data.terms null check",
      "fullTitle": "/app/terms data.terms null check",
      "timedOut": false,
      "duration": 0,
      "state": "passed",
      "speed": "fast",
      "pass": true,
      "fail": false,
      "pending": false,
      "code": "assert(responseData.data.terms!= null);\nconsole.log(responseData.data.terms);\ndone();",
      "err": {},
      "isRoot": false,
      "uuid": "c42e3491-6840-40fa-bb80-8ed6a0df74f5",
      "parentUUID": "b8a20d54-f3d9-4758-9585-1104a1085462",
      "skipped": false
    },
    {
      "title": "data.terms size check",
      "fullTitle": "/app/terms data.terms size check",
      "timedOut": false,
      "duration": 1,
      "state": "passed",
      "speed": "fast",
      "pass": true,
      "fail": false,
      "pending": false,
      "code": "assert(responseData.data.terms.length > 0);\nconsole.log(responseData.data.terms);\ndone();",
      "err": {},
      "isRoot": false,
      "uuid": "eecd52b7-c04c-40ff-bb10-52a0d4f2a136",
      "parentUUID": "b8a20d54-f3d9-4758-9585-1104a1085462",
      "skipped": false
    },
    {
      "title": "http status 200 check",
      "fullTitle": "/app/notice/popup http status 200 check",
      "timedOut": false,
      "duration": 70,
      "state": "passed",
      "speed": "medium",
      "pass": true,
      "fail": false,
      "pending": false,
      "code": "apigClient.invokeApi(params, pathTemplate, method, additionalParams, body)\n    .then(function (result) {\n        responseData = result.data;\n        assert.equal(200, result.status);\n        console.log(responseData);\n        done();\n    }).catch(function (result) {\n    console.log(result);\n    done('error');\n});",
      "err": {},
      "isRoot": false,
      "uuid": "f92195e2-b09b-42e5-ab7e-9e59850e3645",
      "parentUUID": "57b1ba3b-9323-4add-b0cf-9509d2d4c625",
      "skipped": false
    },
    {
      "title": "data null check",
      "fullTitle": "/app/notice/popup data null check",
      "timedOut": false,
      "duration": 1,
      "state": "passed",
      "speed": "fast",
      "pass": true,
      "fail": false,
      "pending": false,
      "code": "assert(responseData.data != null);\nconsole.log(responseData.data);\ndone();",
      "err": {},
      "isRoot": false,
      "uuid": "b63f4c9d-6dc3-4c6a-822b-2d669e784d3c",
      "parentUUID": "57b1ba3b-9323-4add-b0cf-9509d2d4c625",
      "skipped": false
    },
    {
      "title": "data.popup null check",
      "fullTitle": "/app/notice/popup data.popup null check",
      "timedOut": false,
      "duration": 0,
      "state": "passed",
      "speed": "fast",
      "pass": true,
      "fail": false,
      "pending": false,
      "code": "assert(responseData.data.popup!= null);\nconsole.log(responseData.data.popup);\ndone();",
      "err": {},
      "isRoot": false,
      "uuid": "27bd754a-0f10-4e89-8845-9f44cc2df2bd",
      "parentUUID": "57b1ba3b-9323-4add-b0cf-9509d2d4c625",
      "skipped": false
    },
    {
      "title": "data.popup size check",
      "fullTitle": "/app/notice/popup data.popup size check",
      "timedOut": false,
      "duration": 1,
      "state": "failed",
      "pass": false,
      "fail": true,
      "pending": false,
      "code": "assert(responseData.data.popup.length > 0);\nconsole.log(responseData.popup.terms);\ndone();",
      "err": {
        "name": "AssertionError",
        "actual": "false",
        "expected": "true",
        "operator": "==",
        "message": "false == true",
        "generatedMessage": true,
        "estack": "AssertionError: false == true\n    at Context.<anonymous> (test/app.js:187:13)",
        "diff": "- false\n+ true\n"
      },
      "isRoot": false,
      "uuid": "a16ecb2d-f3a9-4dbd-b734-0b8329d536a1",
      "parentUUID": "57b1ba3b-9323-4add-b0cf-9509d2d4c625",
      "skipped": false
    },
    {
      "title": "http status 200 check",
      "fullTitle": "/app/action/log http status 200 check",
      "timedOut": false,
      "duration": 83,
      "state": "passed",
      "speed": "slow",
      "pass": true,
      "fail": false,
      "pending": false,
      "code": "apigClient.invokeApi(params, pathTemplate, method, additionalParams, body)\n    .then(function (result) {\n        responseData = result.data;\n        assert.equal(200, result.status);\n        console.log(responseData);\n        done();\n    }).catch(function (result) {\n    console.log(result);\n    done('error');\n});",
      "err": {},
      "isRoot": false,
      "uuid": "43db3f6e-3c4a-4ecb-8dac-a42433146557",
      "parentUUID": "ae50ce31-43ef-46a3-be4b-d4db616bff3b",
      "skipped": false
    },
    {
      "title": "http status 200 check",
      "fullTitle": "/app/feedback/upload http status 200 check",
      "timedOut": false,
      "duration": 76,
      "state": "passed",
      "speed": "slow",
      "pass": true,
      "fail": false,
      "pending": false,
      "code": "apigClient.invokeApi(params, pathTemplate, method, additionalParams, body)\n    .then(function (result) {\n        responseData = result.data;\n        assert.equal(200, result.status);\n        console.log(responseData);\n        done();\n    }).catch(function (result) {\n    console.log(result);\n    done('error');\n});",
      "err": {},
      "isRoot": false,
      "uuid": "937440e4-985d-40cb-b16e-c9a1dfe49811",
      "parentUUID": "e815e3c2-a4c4-48b3-b896-e959459f3c29",
      "skipped": false
    },
    {
      "title": "http status 200 check",
      "fullTitle": "/app/ping http status 200 check",
      "timedOut": false,
      "duration": 38,
      "state": "passed",
      "speed": "medium",
      "pass": true,
      "fail": false,
      "pending": false,
      "code": "apigClient.invokeApi(params, pathTemplate, method, additionalParams, body)\n    .then(function (result) {\n        responseData = result.data;\n        httpResult = result;\n        assert.equal(200, result.status);\n        console.log(responseData);\n        done();\n    }).catch(function (result) {\n    console.log(result);\n    done('error');\n});",
      "err": {},
      "isRoot": false,
      "uuid": "ce4e1172-8805-4c1c-8264-d1a3e4d94dcb",
      "parentUUID": "3a87bb7b-a95d-42a1-a78c-16033fc1d11f",
      "skipped": false
    },
    {
      "title": "Read date from http header",
      "fullTitle": "/app/ping Read date from http header",
      "timedOut": false,
      "duration": 0,
      "state": "passed",
      "speed": "fast",
      "pass": true,
      "fail": false,
      "pending": false,
      "code": "assert(httpResult.headers.date != null);\nconsole.log(httpResult.headers.date);\ndone();",
      "err": {},
      "isRoot": false,
      "uuid": "794d9bd1-b768-4100-a969-43a51b5207c8",
      "parentUUID": "3a87bb7b-a95d-42a1-a78c-16033fc1d11f",
      "skipped": false
    }
  ],
  "allPending": [],
  "allPasses": [
    {
      "title": "http status 200 check",
      "fullTitle": "/app/version http status 200 check",
      "timedOut": false,
      "duration": 192,
      "state": "passed",
      "speed": "slow",
      "pass": true,
      "fail": false,
      "pending": false,
      "code": "apigClient.invokeApi(params, pathTemplate, method, additionalParams, body)\n    .then(function (result) {\n        // assert.equal(\"3EF2E603F15B4DF6ACC12A0D5D34AF0F\", result.data.id);\n        responseData = result.data;\n        // console.log(result);\n        assert.equal(200, result.status);\n        console.log(responseData);\n        done();\n    }).catch(function (result) {\n        console.log(result);\n        done('error');\n});",
      "err": {},
      "isRoot": false,
      "uuid": "cc8850c1-ea21-4162-abc8-acd843270cd6",
      "parentUUID": "baec15d8-0139-4801-87fb-031cacb52a45",
      "skipped": false
    },
    {
      "title": "data null check",
      "fullTitle": "/app/version data null check",
      "timedOut": false,
      "duration": 0,
      "state": "passed",
      "speed": "fast",
      "pass": true,
      "fail": false,
      "pending": false,
      "code": "assert(responseData.data != null);\nconsole.log(responseData.data);\ndone();",
      "err": {},
      "isRoot": false,
      "uuid": "30fb3db1-6e55-4c0c-a893-9df120f839e9",
      "parentUUID": "baec15d8-0139-4801-87fb-031cacb52a45",
      "skipped": false
    },
    {
      "title": "version check",
      "fullTitle": "/app/version version check",
      "timedOut": false,
      "duration": 0,
      "state": "passed",
      "speed": "fast",
      "pass": true,
      "fail": false,
      "pending": false,
      "code": "assert(responseData.data.version != null);\nconsole.log(responseData.data.version)\ndone();",
      "err": {},
      "isRoot": false,
      "uuid": "822777b4-9247-428a-a619-5d6d04febd49",
      "parentUUID": "baec15d8-0139-4801-87fb-031cacb52a45",
      "skipped": false
    },
    {
      "title": "http status 200 check",
      "fullTitle": "/app/notice http status 200 check",
      "timedOut": false,
      "duration": 86,
      "state": "passed",
      "speed": "slow",
      "pass": true,
      "fail": false,
      "pending": false,
      "code": "apigClient.invokeApi(params, pathTemplate, method, additionalParams, body)\n    .then(function (result) {\n        // assert.equal(\"3EF2E603F15B4DF6ACC12A0D5D34AF0F\", result.data.id);\n        responseData = result.data;\n        // console.log(result);\n        assert.equal(200, result.status);\n        console.log(responseData);\n        done();\n    }).catch(function (result) {\n    console.log(result);\n    done('error');\n});",
      "err": {},
      "isRoot": false,
      "uuid": "2ede825d-b7a2-4b82-9ef4-bd34f8f01ace",
      "parentUUID": "9526282d-34d2-4641-abde-65d007c9c103",
      "skipped": false
    },
    {
      "title": "data null check",
      "fullTitle": "/app/notice data null check",
      "timedOut": false,
      "duration": 1,
      "state": "passed",
      "speed": "fast",
      "pass": true,
      "fail": false,
      "pending": false,
      "code": "assert(responseData.data != null);\nconsole.log(responseData.data);\ndone();",
      "err": {},
      "isRoot": false,
      "uuid": "2c877dda-e09f-4984-879a-b5479009aba1",
      "parentUUID": "9526282d-34d2-4641-abde-65d007c9c103",
      "skipped": false
    },
    {
      "title": "data.notices null check",
      "fullTitle": "/app/notice data.notices null check",
      "timedOut": false,
      "duration": 1,
      "state": "passed",
      "speed": "fast",
      "pass": true,
      "fail": false,
      "pending": false,
      "code": "assert(responseData.data.notices != null);\nconsole.log(responseData.data.notices);\ndone();",
      "err": {},
      "isRoot": false,
      "uuid": "e722984c-0d36-49e0-a202-c9c234aa6fe4",
      "parentUUID": "9526282d-34d2-4641-abde-65d007c9c103",
      "skipped": false
    },
    {
      "title": "data.notices size check",
      "fullTitle": "/app/notice data.notices size check",
      "timedOut": false,
      "duration": 1,
      "state": "passed",
      "speed": "fast",
      "pass": true,
      "fail": false,
      "pending": false,
      "code": "assert(responseData.data.notices.length > 0);\nconsole.log(responseData.data.notices);\ndone();",
      "err": {},
      "isRoot": false,
      "uuid": "34f36716-adad-4f64-bb57-aaf5bfbb89ad",
      "parentUUID": "9526282d-34d2-4641-abde-65d007c9c103",
      "skipped": false
    },
    {
      "title": "http status 200 check",
      "fullTitle": "/app/terms http status 200 check",
      "timedOut": false,
      "duration": 75,
      "state": "passed",
      "speed": "medium",
      "pass": true,
      "fail": false,
      "pending": false,
      "code": "apigClient.invokeApi(params, pathTemplate, method, additionalParams, body)\n    .then(function (result) {\n        // assert.equal(\"3EF2E603F15B4DF6ACC12A0D5D34AF0F\", result.data.id);\n        responseData = result.data;\n        // console.log(result);\n        assert.equal(200, result.status);\n        console.log(responseData);\n        done();\n    }).catch(function (result) {\n    console.log(result);\n    done('error');\n});",
      "err": {},
      "isRoot": false,
      "uuid": "6116567c-695c-4e3b-90b2-a3841ed201d5",
      "parentUUID": "b8a20d54-f3d9-4758-9585-1104a1085462",
      "skipped": false
    },
    {
      "title": "data null check",
      "fullTitle": "/app/terms data null check",
      "timedOut": false,
      "duration": 1,
      "state": "passed",
      "speed": "fast",
      "pass": true,
      "fail": false,
      "pending": false,
      "code": "assert(responseData.data != null);\nconsole.log(responseData.data);\ndone();",
      "err": {},
      "isRoot": false,
      "uuid": "5c4c3578-f3fa-4a22-8549-9d95ba593b72",
      "parentUUID": "b8a20d54-f3d9-4758-9585-1104a1085462",
      "skipped": false
    },
    {
      "title": "data.terms null check",
      "fullTitle": "/app/terms data.terms null check",
      "timedOut": false,
      "duration": 0,
      "state": "passed",
      "speed": "fast",
      "pass": true,
      "fail": false,
      "pending": false,
      "code": "assert(responseData.data.terms!= null);\nconsole.log(responseData.data.terms);\ndone();",
      "err": {},
      "isRoot": false,
      "uuid": "c42e3491-6840-40fa-bb80-8ed6a0df74f5",
      "parentUUID": "b8a20d54-f3d9-4758-9585-1104a1085462",
      "skipped": false
    },
    {
      "title": "data.terms size check",
      "fullTitle": "/app/terms data.terms size check",
      "timedOut": false,
      "duration": 1,
      "state": "passed",
      "speed": "fast",
      "pass": true,
      "fail": false,
      "pending": false,
      "code": "assert(responseData.data.terms.length > 0);\nconsole.log(responseData.data.terms);\ndone();",
      "err": {},
      "isRoot": false,
      "uuid": "eecd52b7-c04c-40ff-bb10-52a0d4f2a136",
      "parentUUID": "b8a20d54-f3d9-4758-9585-1104a1085462",
      "skipped": false
    },
    {
      "title": "http status 200 check",
      "fullTitle": "/app/notice/popup http status 200 check",
      "timedOut": false,
      "duration": 70,
      "state": "passed",
      "speed": "medium",
      "pass": true,
      "fail": false,
      "pending": false,
      "code": "apigClient.invokeApi(params, pathTemplate, method, additionalParams, body)\n    .then(function (result) {\n        responseData = result.data;\n        assert.equal(200, result.status);\n        console.log(responseData);\n        done();\n    }).catch(function (result) {\n    console.log(result);\n    done('error');\n});",
      "err": {},
      "isRoot": false,
      "uuid": "f92195e2-b09b-42e5-ab7e-9e59850e3645",
      "parentUUID": "57b1ba3b-9323-4add-b0cf-9509d2d4c625",
      "skipped": false
    },
    {
      "title": "data null check",
      "fullTitle": "/app/notice/popup data null check",
      "timedOut": false,
      "duration": 1,
      "state": "passed",
      "speed": "fast",
      "pass": true,
      "fail": false,
      "pending": false,
      "code": "assert(responseData.data != null);\nconsole.log(responseData.data);\ndone();",
      "err": {},
      "isRoot": false,
      "uuid": "b63f4c9d-6dc3-4c6a-822b-2d669e784d3c",
      "parentUUID": "57b1ba3b-9323-4add-b0cf-9509d2d4c625",
      "skipped": false
    },
    {
      "title": "data.popup null check",
      "fullTitle": "/app/notice/popup data.popup null check",
      "timedOut": false,
      "duration": 0,
      "state": "passed",
      "speed": "fast",
      "pass": true,
      "fail": false,
      "pending": false,
      "code": "assert(responseData.data.popup!= null);\nconsole.log(responseData.data.popup);\ndone();",
      "err": {},
      "isRoot": false,
      "uuid": "27bd754a-0f10-4e89-8845-9f44cc2df2bd",
      "parentUUID": "57b1ba3b-9323-4add-b0cf-9509d2d4c625",
      "skipped": false
    },
    {
      "title": "http status 200 check",
      "fullTitle": "/app/action/log http status 200 check",
      "timedOut": false,
      "duration": 83,
      "state": "passed",
      "speed": "slow",
      "pass": true,
      "fail": false,
      "pending": false,
      "code": "apigClient.invokeApi(params, pathTemplate, method, additionalParams, body)\n    .then(function (result) {\n        responseData = result.data;\n        assert.equal(200, result.status);\n        console.log(responseData);\n        done();\n    }).catch(function (result) {\n    console.log(result);\n    done('error');\n});",
      "err": {},
      "isRoot": false,
      "uuid": "43db3f6e-3c4a-4ecb-8dac-a42433146557",
      "parentUUID": "ae50ce31-43ef-46a3-be4b-d4db616bff3b",
      "skipped": false
    },
    {
      "title": "http status 200 check",
      "fullTitle": "/app/feedback/upload http status 200 check",
      "timedOut": false,
      "duration": 76,
      "state": "passed",
      "speed": "slow",
      "pass": true,
      "fail": false,
      "pending": false,
      "code": "apigClient.invokeApi(params, pathTemplate, method, additionalParams, body)\n    .then(function (result) {\n        responseData = result.data;\n        assert.equal(200, result.status);\n        console.log(responseData);\n        done();\n    }).catch(function (result) {\n    console.log(result);\n    done('error');\n});",
      "err": {},
      "isRoot": false,
      "uuid": "937440e4-985d-40cb-b16e-c9a1dfe49811",
      "parentUUID": "e815e3c2-a4c4-48b3-b896-e959459f3c29",
      "skipped": false
    },
    {
      "title": "http status 200 check",
      "fullTitle": "/app/ping http status 200 check",
      "timedOut": false,
      "duration": 38,
      "state": "passed",
      "speed": "medium",
      "pass": true,
      "fail": false,
      "pending": false,
      "code": "apigClient.invokeApi(params, pathTemplate, method, additionalParams, body)\n    .then(function (result) {\n        responseData = result.data;\n        httpResult = result;\n        assert.equal(200, result.status);\n        console.log(responseData);\n        done();\n    }).catch(function (result) {\n    console.log(result);\n    done('error');\n});",
      "err": {},
      "isRoot": false,
      "uuid": "ce4e1172-8805-4c1c-8264-d1a3e4d94dcb",
      "parentUUID": "3a87bb7b-a95d-42a1-a78c-16033fc1d11f",
      "skipped": false
    },
    {
      "title": "Read date from http header",
      "fullTitle": "/app/ping Read date from http header",
      "timedOut": false,
      "duration": 0,
      "state": "passed",
      "speed": "fast",
      "pass": true,
      "fail": false,
      "pending": false,
      "code": "assert(httpResult.headers.date != null);\nconsole.log(httpResult.headers.date);\ndone();",
      "err": {},
      "isRoot": false,
      "uuid": "794d9bd1-b768-4100-a969-43a51b5207c8",
      "parentUUID": "3a87bb7b-a95d-42a1-a78c-16033fc1d11f",
      "skipped": false
    }
  ],
  "allFailures": [
    {
      "title": "data.popup size check",
      "fullTitle": "/app/notice/popup data.popup size check",
      "timedOut": false,
      "duration": 1,
      "state": "failed",
      "pass": false,
      "fail": true,
      "pending": false,
      "code": "assert(responseData.data.popup.length > 0);\nconsole.log(responseData.popup.terms);\ndone();",
      "err": {
        "name": "AssertionError",
        "actual": "false",
        "expected": "true",
        "operator": "==",
        "message": "false == true",
        "generatedMessage": true,
        "estack": "AssertionError: false == true\n    at Context.<anonymous> (test/app.js:187:13)",
        "diff": "- false\n+ true\n"
      },
      "isRoot": false,
      "uuid": "a16ecb2d-f3a9-4dbd-b734-0b8329d536a1",
      "parentUUID": "57b1ba3b-9323-4add-b0cf-9509d2d4c625",
      "skipped": false
    }
  ],
  "copyrightYear": 2017
}