{
  "stats": {
    "suites": 16,
    "tests": 46,
    "passes": 41,
    "pending": 0,
    "failures": 5,
    "start": "2017-04-10T03:01:32.000Z",
    "end": "2017-04-10T03:01:34.125Z",
    "duration": 2125,
    "testsRegistered": 46,
    "passPercent": 89.1,
    "pendingPercent": 0,
    "other": 0,
    "hasOther": false,
    "skipped": 0,
    "hasSkipped": false,
    "passPercentClass": "success",
    "pendingPercentClass": "danger"
  },
  "suites": {
    "title": "",
    "suites": [
      {
        "title": "App",
        "suites": [
          {
            "title": "/app/version",
            "suites": [],
            "tests": [
              {
                "title": "http status 200 check",
                "fullTitle": "App /app/version http status 200 check",
                "timedOut": false,
                "duration": 226,
                "state": "passed",
                "speed": "slow",
                "pass": true,
                "fail": false,
                "pending": false,
                "code": "apigClient.invokeApi(params, pathTemplate, method, additionalParams, body)\n    .then(function (result) {\n        // assert.equal(\"3EF2E603F15B4DF6ACC12A0D5D34AF0F\", result.data.id);\n        responseData = result.data;\n        // console.log(result);\n        assert.equal(200, result.status);\n        console.log(responseData);\n        done();\n    }).catch(function (result) {\n        console.log(result);\n        done('error');\n});",
                "err": {},
                "isRoot": false,
                "uuid": "b262cd71-dd94-469d-84e6-773f49eb8653",
                "parentUUID": "5b79ee0f-7cc0-4451-942f-12e14c0a9336",
                "skipped": false
              },
              {
                "title": "data null check",
                "fullTitle": "App /app/version data null check",
                "timedOut": false,
                "duration": 1,
                "state": "passed",
                "speed": "fast",
                "pass": true,
                "fail": false,
                "pending": false,
                "code": "assert(responseData.data != null);\nconsole.log(responseData.data);\ndone();",
                "err": {},
                "isRoot": false,
                "uuid": "d6f4d572-cf4e-4a32-9b2d-fe752af27945",
                "parentUUID": "5b79ee0f-7cc0-4451-942f-12e14c0a9336",
                "skipped": false
              },
              {
                "title": "version check",
                "fullTitle": "App /app/version version check",
                "timedOut": false,
                "duration": 0,
                "state": "passed",
                "speed": "fast",
                "pass": true,
                "fail": false,
                "pending": false,
                "code": "assert(responseData.data.version != null);\nconsole.log(responseData.data.version)\ndone();",
                "err": {},
                "isRoot": false,
                "uuid": "d476f2fa-36a4-49f5-87c7-ebdd18a4bf9d",
                "parentUUID": "5b79ee0f-7cc0-4451-942f-12e14c0a9336",
                "skipped": false
              }
            ],
            "pending": [],
            "root": false,
            "_timeout": 2000,
            "file": "/test/app.js",
            "uuid": "5b79ee0f-7cc0-4451-942f-12e14c0a9336",
            "fullFile": "/Users/bok95/bluehack/apiway/tc/walkon-api-test/test/app.js",
            "passes": [
              {
                "title": "http status 200 check",
                "fullTitle": "App /app/version http status 200 check",
                "timedOut": false,
                "duration": 226,
                "state": "passed",
                "speed": "slow",
                "pass": true,
                "fail": false,
                "pending": false,
                "code": "apigClient.invokeApi(params, pathTemplate, method, additionalParams, body)\n    .then(function (result) {\n        // assert.equal(\"3EF2E603F15B4DF6ACC12A0D5D34AF0F\", result.data.id);\n        responseData = result.data;\n        // console.log(result);\n        assert.equal(200, result.status);\n        console.log(responseData);\n        done();\n    }).catch(function (result) {\n        console.log(result);\n        done('error');\n});",
                "err": {},
                "isRoot": false,
                "uuid": "b262cd71-dd94-469d-84e6-773f49eb8653",
                "parentUUID": "5b79ee0f-7cc0-4451-942f-12e14c0a9336",
                "skipped": false
              },
              {
                "title": "data null check",
                "fullTitle": "App /app/version data null check",
                "timedOut": false,
                "duration": 1,
                "state": "passed",
                "speed": "fast",
                "pass": true,
                "fail": false,
                "pending": false,
                "code": "assert(responseData.data != null);\nconsole.log(responseData.data);\ndone();",
                "err": {},
                "isRoot": false,
                "uuid": "d6f4d572-cf4e-4a32-9b2d-fe752af27945",
                "parentUUID": "5b79ee0f-7cc0-4451-942f-12e14c0a9336",
                "skipped": false
              },
              {
                "title": "version check",
                "fullTitle": "App /app/version version check",
                "timedOut": false,
                "duration": 0,
                "state": "passed",
                "speed": "fast",
                "pass": true,
                "fail": false,
                "pending": false,
                "code": "assert(responseData.data.version != null);\nconsole.log(responseData.data.version)\ndone();",
                "err": {},
                "isRoot": false,
                "uuid": "d476f2fa-36a4-49f5-87c7-ebdd18a4bf9d",
                "parentUUID": "5b79ee0f-7cc0-4451-942f-12e14c0a9336",
                "skipped": false
              }
            ],
            "failures": [],
            "skipped": [],
            "hasTests": true,
            "hasSuites": false,
            "totalTests": 3,
            "totalPasses": 3,
            "totalFailures": 0,
            "totalPending": 0,
            "totalSkipped": 0,
            "hasPasses": true,
            "hasFailures": false,
            "hasPending": false,
            "hasSkipped": false,
            "duration": 227,
            "rootEmpty": false
          },
          {
            "title": "/app/notice",
            "suites": [],
            "tests": [
              {
                "title": "http status 200 check",
                "fullTitle": "App /app/notice http status 200 check",
                "timedOut": false,
                "duration": 75,
                "state": "passed",
                "speed": "medium",
                "pass": true,
                "fail": false,
                "pending": false,
                "code": "apigClient.invokeApi(params, pathTemplate, method, additionalParams, body)\n    .then(function (result) {\n        // assert.equal(\"3EF2E603F15B4DF6ACC12A0D5D34AF0F\", result.data.id);\n        responseData = result.data;\n        // console.log(result);\n        assert.equal(200, result.status);\n        console.log(responseData);\n        done();\n    }).catch(function (result) {\n    console.log(result);\n    done('error');\n});",
                "err": {},
                "isRoot": false,
                "uuid": "facf4978-8580-487c-8444-405404a3ba06",
                "parentUUID": "de307a08-6036-4ae0-8ab4-d4612eb9b8a8",
                "skipped": false
              },
              {
                "title": "data null check",
                "fullTitle": "App /app/notice data null check",
                "timedOut": false,
                "duration": 1,
                "state": "passed",
                "speed": "fast",
                "pass": true,
                "fail": false,
                "pending": false,
                "code": "assert(responseData.data != null);\nconsole.log(responseData.data);\ndone();",
                "err": {},
                "isRoot": false,
                "uuid": "ad8025ac-542e-46df-bb3d-5f29439880be",
                "parentUUID": "de307a08-6036-4ae0-8ab4-d4612eb9b8a8",
                "skipped": false
              },
              {
                "title": "data.notices null check",
                "fullTitle": "App /app/notice data.notices null check",
                "timedOut": false,
                "duration": 1,
                "state": "passed",
                "speed": "fast",
                "pass": true,
                "fail": false,
                "pending": false,
                "code": "assert(responseData.data.notices != null);\nconsole.log(responseData.data.notices);\ndone();",
                "err": {},
                "isRoot": false,
                "uuid": "860b16cf-66b2-470b-baa2-d5b9d32327ec",
                "parentUUID": "de307a08-6036-4ae0-8ab4-d4612eb9b8a8",
                "skipped": false
              },
              {
                "title": "data.notices size check",
                "fullTitle": "App /app/notice data.notices size check",
                "timedOut": false,
                "duration": 0,
                "state": "passed",
                "speed": "fast",
                "pass": true,
                "fail": false,
                "pending": false,
                "code": "assert(responseData.data.notices.length > 0);\nconsole.log(responseData.data.notices);\ndone();",
                "err": {},
                "isRoot": false,
                "uuid": "ebb194f8-0ef8-485d-ad87-a9601beb50fe",
                "parentUUID": "de307a08-6036-4ae0-8ab4-d4612eb9b8a8",
                "skipped": false
              }
            ],
            "pending": [],
            "root": false,
            "_timeout": 2000,
            "file": "/test/app.js",
            "uuid": "de307a08-6036-4ae0-8ab4-d4612eb9b8a8",
            "fullFile": "/Users/bok95/bluehack/apiway/tc/walkon-api-test/test/app.js",
            "passes": [
              {
                "title": "http status 200 check",
                "fullTitle": "App /app/notice http status 200 check",
                "timedOut": false,
                "duration": 75,
                "state": "passed",
                "speed": "medium",
                "pass": true,
                "fail": false,
                "pending": false,
                "code": "apigClient.invokeApi(params, pathTemplate, method, additionalParams, body)\n    .then(function (result) {\n        // assert.equal(\"3EF2E603F15B4DF6ACC12A0D5D34AF0F\", result.data.id);\n        responseData = result.data;\n        // console.log(result);\n        assert.equal(200, result.status);\n        console.log(responseData);\n        done();\n    }).catch(function (result) {\n    console.log(result);\n    done('error');\n});",
                "err": {},
                "isRoot": false,
                "uuid": "facf4978-8580-487c-8444-405404a3ba06",
                "parentUUID": "de307a08-6036-4ae0-8ab4-d4612eb9b8a8",
                "skipped": false
              },
              {
                "title": "data null check",
                "fullTitle": "App /app/notice data null check",
                "timedOut": false,
                "duration": 1,
                "state": "passed",
                "speed": "fast",
                "pass": true,
                "fail": false,
                "pending": false,
                "code": "assert(responseData.data != null);\nconsole.log(responseData.data);\ndone();",
                "err": {},
                "isRoot": false,
                "uuid": "ad8025ac-542e-46df-bb3d-5f29439880be",
                "parentUUID": "de307a08-6036-4ae0-8ab4-d4612eb9b8a8",
                "skipped": false
              },
              {
                "title": "data.notices null check",
                "fullTitle": "App /app/notice data.notices null check",
                "timedOut": false,
                "duration": 1,
                "state": "passed",
                "speed": "fast",
                "pass": true,
                "fail": false,
                "pending": false,
                "code": "assert(responseData.data.notices != null);\nconsole.log(responseData.data.notices);\ndone();",
                "err": {},
                "isRoot": false,
                "uuid": "860b16cf-66b2-470b-baa2-d5b9d32327ec",
                "parentUUID": "de307a08-6036-4ae0-8ab4-d4612eb9b8a8",
                "skipped": false
              },
              {
                "title": "data.notices size check",
                "fullTitle": "App /app/notice data.notices size check",
                "timedOut": false,
                "duration": 0,
                "state": "passed",
                "speed": "fast",
                "pass": true,
                "fail": false,
                "pending": false,
                "code": "assert(responseData.data.notices.length > 0);\nconsole.log(responseData.data.notices);\ndone();",
                "err": {},
                "isRoot": false,
                "uuid": "ebb194f8-0ef8-485d-ad87-a9601beb50fe",
                "parentUUID": "de307a08-6036-4ae0-8ab4-d4612eb9b8a8",
                "skipped": false
              }
            ],
            "failures": [],
            "skipped": [],
            "hasTests": true,
            "hasSuites": false,
            "totalTests": 4,
            "totalPasses": 4,
            "totalFailures": 0,
            "totalPending": 0,
            "totalSkipped": 0,
            "hasPasses": true,
            "hasFailures": false,
            "hasPending": false,
            "hasSkipped": false,
            "duration": 77,
            "rootEmpty": false
          },
          {
            "title": "/app/terms",
            "suites": [],
            "tests": [
              {
                "title": "http status 200 check",
                "fullTitle": "App /app/terms http status 200 check",
                "timedOut": false,
                "duration": 78,
                "state": "passed",
                "speed": "slow",
                "pass": true,
                "fail": false,
                "pending": false,
                "code": "apigClient.invokeApi(params, pathTemplate, method, additionalParams, body)\n    .then(function (result) {\n        // assert.equal(\"3EF2E603F15B4DF6ACC12A0D5D34AF0F\", result.data.id);\n        responseData = result.data;\n        // console.log(result);\n        assert.equal(200, result.status);\n        console.log(responseData);\n        done();\n    }).catch(function (result) {\n    console.log(result);\n    done('error');\n});",
                "err": {},
                "isRoot": false,
                "uuid": "12c92c82-f0ab-4354-8f20-b99f6fb1acef",
                "parentUUID": "f22a8068-907b-4cb8-83a4-776e72b16066",
                "skipped": false
              },
              {
                "title": "data null check",
                "fullTitle": "App /app/terms data null check",
                "timedOut": false,
                "duration": 0,
                "state": "passed",
                "speed": "fast",
                "pass": true,
                "fail": false,
                "pending": false,
                "code": "assert(responseData.data != null);\nconsole.log(responseData.data);\ndone();",
                "err": {},
                "isRoot": false,
                "uuid": "290b7a66-ff5b-4c24-8130-62340ed2ce70",
                "parentUUID": "f22a8068-907b-4cb8-83a4-776e72b16066",
                "skipped": false
              },
              {
                "title": "data.terms null check",
                "fullTitle": "App /app/terms data.terms null check",
                "timedOut": false,
                "duration": 0,
                "state": "passed",
                "speed": "fast",
                "pass": true,
                "fail": false,
                "pending": false,
                "code": "assert(responseData.data.terms!= null);\nconsole.log(responseData.data.terms);\ndone();",
                "err": {},
                "isRoot": false,
                "uuid": "69f5d5d2-83b1-4a00-96cf-d43d587e5ec4",
                "parentUUID": "f22a8068-907b-4cb8-83a4-776e72b16066",
                "skipped": false
              },
              {
                "title": "data.terms size check",
                "fullTitle": "App /app/terms data.terms size check",
                "timedOut": false,
                "duration": 0,
                "state": "passed",
                "speed": "fast",
                "pass": true,
                "fail": false,
                "pending": false,
                "code": "assert(responseData.data.terms.length > 0);\nconsole.log(responseData.data.terms);\ndone();",
                "err": {},
                "isRoot": false,
                "uuid": "58011cbd-b4e4-440e-8e56-fe91414eb571",
                "parentUUID": "f22a8068-907b-4cb8-83a4-776e72b16066",
                "skipped": false
              }
            ],
            "pending": [],
            "root": false,
            "_timeout": 2000,
            "file": "/test/app.js",
            "uuid": "f22a8068-907b-4cb8-83a4-776e72b16066",
            "fullFile": "/Users/bok95/bluehack/apiway/tc/walkon-api-test/test/app.js",
            "passes": [
              {
                "title": "http status 200 check",
                "fullTitle": "App /app/terms http status 200 check",
                "timedOut": false,
                "duration": 78,
                "state": "passed",
                "speed": "slow",
                "pass": true,
                "fail": false,
                "pending": false,
                "code": "apigClient.invokeApi(params, pathTemplate, method, additionalParams, body)\n    .then(function (result) {\n        // assert.equal(\"3EF2E603F15B4DF6ACC12A0D5D34AF0F\", result.data.id);\n        responseData = result.data;\n        // console.log(result);\n        assert.equal(200, result.status);\n        console.log(responseData);\n        done();\n    }).catch(function (result) {\n    console.log(result);\n    done('error');\n});",
                "err": {},
                "isRoot": false,
                "uuid": "12c92c82-f0ab-4354-8f20-b99f6fb1acef",
                "parentUUID": "f22a8068-907b-4cb8-83a4-776e72b16066",
                "skipped": false
              },
              {
                "title": "data null check",
                "fullTitle": "App /app/terms data null check",
                "timedOut": false,
                "duration": 0,
                "state": "passed",
                "speed": "fast",
                "pass": true,
                "fail": false,
                "pending": false,
                "code": "assert(responseData.data != null);\nconsole.log(responseData.data);\ndone();",
                "err": {},
                "isRoot": false,
                "uuid": "290b7a66-ff5b-4c24-8130-62340ed2ce70",
                "parentUUID": "f22a8068-907b-4cb8-83a4-776e72b16066",
                "skipped": false
              },
              {
                "title": "data.terms null check",
                "fullTitle": "App /app/terms data.terms null check",
                "timedOut": false,
                "duration": 0,
                "state": "passed",
                "speed": "fast",
                "pass": true,
                "fail": false,
                "pending": false,
                "code": "assert(responseData.data.terms!= null);\nconsole.log(responseData.data.terms);\ndone();",
                "err": {},
                "isRoot": false,
                "uuid": "69f5d5d2-83b1-4a00-96cf-d43d587e5ec4",
                "parentUUID": "f22a8068-907b-4cb8-83a4-776e72b16066",
                "skipped": false
              },
              {
                "title": "data.terms size check",
                "fullTitle": "App /app/terms data.terms size check",
                "timedOut": false,
                "duration": 0,
                "state": "passed",
                "speed": "fast",
                "pass": true,
                "fail": false,
                "pending": false,
                "code": "assert(responseData.data.terms.length > 0);\nconsole.log(responseData.data.terms);\ndone();",
                "err": {},
                "isRoot": false,
                "uuid": "58011cbd-b4e4-440e-8e56-fe91414eb571",
                "parentUUID": "f22a8068-907b-4cb8-83a4-776e72b16066",
                "skipped": false
              }
            ],
            "failures": [],
            "skipped": [],
            "hasTests": true,
            "hasSuites": false,
            "totalTests": 4,
            "totalPasses": 4,
            "totalFailures": 0,
            "totalPending": 0,
            "totalSkipped": 0,
            "hasPasses": true,
            "hasFailures": false,
            "hasPending": false,
            "hasSkipped": false,
            "duration": 78,
            "rootEmpty": false
          },
          {
            "title": "/app/notice/popup",
            "suites": [],
            "tests": [
              {
                "title": "http status 200 check",
                "fullTitle": "App /app/notice/popup http status 200 check",
                "timedOut": false,
                "duration": 81,
                "state": "passed",
                "speed": "slow",
                "pass": true,
                "fail": false,
                "pending": false,
                "code": "apigClient.invokeApi(params, pathTemplate, method, additionalParams, body)\n    .then(function (result) {\n        responseData = result.data;\n        assert.equal(200, result.status);\n        console.log(responseData);\n        done();\n    }).catch(function (result) {\n    console.log(result);\n    done('error');\n});",
                "err": {},
                "isRoot": false,
                "uuid": "87133f65-45e9-48ef-9969-b0b70a9c6780",
                "parentUUID": "45cc3977-b69d-487c-8845-741e6d144243",
                "skipped": false
              },
              {
                "title": "data null check",
                "fullTitle": "App /app/notice/popup data null check",
                "timedOut": false,
                "duration": 0,
                "state": "passed",
                "speed": "fast",
                "pass": true,
                "fail": false,
                "pending": false,
                "code": "assert(responseData.data != null);\nconsole.log(responseData.data);\ndone();",
                "err": {},
                "isRoot": false,
                "uuid": "f57ae713-6aac-47b4-a5eb-5a172517bf32",
                "parentUUID": "45cc3977-b69d-487c-8845-741e6d144243",
                "skipped": false
              },
              {
                "title": "data.popup null check",
                "fullTitle": "App /app/notice/popup data.popup null check",
                "timedOut": false,
                "duration": 0,
                "state": "passed",
                "speed": "fast",
                "pass": true,
                "fail": false,
                "pending": false,
                "code": "assert(responseData.data.popup!= null);\nconsole.log(responseData.data.popup);\ndone();",
                "err": {},
                "isRoot": false,
                "uuid": "3dbf0999-5e43-4ddf-8485-5f6cbf7ef93b",
                "parentUUID": "45cc3977-b69d-487c-8845-741e6d144243",
                "skipped": false
              },
              {
                "title": "data.popup size check",
                "fullTitle": "App /app/notice/popup data.popup size check",
                "timedOut": false,
                "duration": 1,
                "state": "failed",
                "pass": false,
                "fail": true,
                "pending": false,
                "code": "assert(responseData.data.popup.length > 0);\nconsole.log(responseData.popup.terms);\ndone();",
                "err": {
                  "name": "AssertionError",
                  "actual": "false",
                  "expected": "true",
                  "operator": "==",
                  "message": "false == true",
                  "generatedMessage": true,
                  "estack": "AssertionError: false == true\n    at Context.<anonymous> (test/app.js:187:13)",
                  "diff": "- false\n+ true\n"
                },
                "isRoot": false,
                "uuid": "f67b44b6-940b-40af-83a5-8c070a1a211c",
                "parentUUID": "45cc3977-b69d-487c-8845-741e6d144243",
                "skipped": false
              }
            ],
            "pending": [],
            "root": false,
            "_timeout": 2000,
            "file": "/test/app.js",
            "uuid": "45cc3977-b69d-487c-8845-741e6d144243",
            "fullFile": "/Users/bok95/bluehack/apiway/tc/walkon-api-test/test/app.js",
            "passes": [
              {
                "title": "http status 200 check",
                "fullTitle": "App /app/notice/popup http status 200 check",
                "timedOut": false,
                "duration": 81,
                "state": "passed",
                "speed": "slow",
                "pass": true,
                "fail": false,
                "pending": false,
                "code": "apigClient.invokeApi(params, pathTemplate, method, additionalParams, body)\n    .then(function (result) {\n        responseData = result.data;\n        assert.equal(200, result.status);\n        console.log(responseData);\n        done();\n    }).catch(function (result) {\n    console.log(result);\n    done('error');\n});",
                "err": {},
                "isRoot": false,
                "uuid": "87133f65-45e9-48ef-9969-b0b70a9c6780",
                "parentUUID": "45cc3977-b69d-487c-8845-741e6d144243",
                "skipped": false
              },
              {
                "title": "data null check",
                "fullTitle": "App /app/notice/popup data null check",
                "timedOut": false,
                "duration": 0,
                "state": "passed",
                "speed": "fast",
                "pass": true,
                "fail": false,
                "pending": false,
                "code": "assert(responseData.data != null);\nconsole.log(responseData.data);\ndone();",
                "err": {},
                "isRoot": false,
                "uuid": "f57ae713-6aac-47b4-a5eb-5a172517bf32",
                "parentUUID": "45cc3977-b69d-487c-8845-741e6d144243",
                "skipped": false
              },
              {
                "title": "data.popup null check",
                "fullTitle": "App /app/notice/popup data.popup null check",
                "timedOut": false,
                "duration": 0,
                "state": "passed",
                "speed": "fast",
                "pass": true,
                "fail": false,
                "pending": false,
                "code": "assert(responseData.data.popup!= null);\nconsole.log(responseData.data.popup);\ndone();",
                "err": {},
                "isRoot": false,
                "uuid": "3dbf0999-5e43-4ddf-8485-5f6cbf7ef93b",
                "parentUUID": "45cc3977-b69d-487c-8845-741e6d144243",
                "skipped": false
              }
            ],
            "failures": [
              {
                "title": "data.popup size check",
                "fullTitle": "App /app/notice/popup data.popup size check",
                "timedOut": false,
                "duration": 1,
                "state": "failed",
                "pass": false,
                "fail": true,
                "pending": false,
                "code": "assert(responseData.data.popup.length > 0);\nconsole.log(responseData.popup.terms);\ndone();",
                "err": {
                  "name": "AssertionError",
                  "actual": "false",
                  "expected": "true",
                  "operator": "==",
                  "message": "false == true",
                  "generatedMessage": true,
                  "estack": "AssertionError: false == true\n    at Context.<anonymous> (test/app.js:187:13)",
                  "diff": "- false\n+ true\n"
                },
                "isRoot": false,
                "uuid": "f67b44b6-940b-40af-83a5-8c070a1a211c",
                "parentUUID": "45cc3977-b69d-487c-8845-741e6d144243",
                "skipped": false
              }
            ],
            "skipped": [],
            "hasTests": true,
            "hasSuites": false,
            "totalTests": 4,
            "totalPasses": 3,
            "totalFailures": 1,
            "totalPending": 0,
            "totalSkipped": 0,
            "hasPasses": true,
            "hasFailures": true,
            "hasPending": false,
            "hasSkipped": false,
            "duration": 82,
            "rootEmpty": false
          },
          {
            "title": "/app/action/log",
            "suites": [],
            "tests": [
              {
                "title": "http status 200 check",
                "fullTitle": "App /app/action/log http status 200 check",
                "timedOut": false,
                "duration": 95,
                "state": "passed",
                "speed": "slow",
                "pass": true,
                "fail": false,
                "pending": false,
                "code": "apigClient.invokeApi(params, pathTemplate, method, additionalParams, body)\n    .then(function (result) {\n        responseData = result.data;\n        assert.equal(200, result.status);\n        console.log(responseData);\n        done();\n    }).catch(function (result) {\n    console.log(result);\n    done('error');\n});",
                "err": {},
                "isRoot": false,
                "uuid": "20218427-8717-46f7-87e1-a442718a6389",
                "parentUUID": "4512594b-bc5f-4db5-8794-f1e9920474cb",
                "skipped": false
              }
            ],
            "pending": [],
            "root": false,
            "_timeout": 2000,
            "file": "/test/app.js",
            "uuid": "4512594b-bc5f-4db5-8794-f1e9920474cb",
            "fullFile": "/Users/bok95/bluehack/apiway/tc/walkon-api-test/test/app.js",
            "passes": [
              {
                "title": "http status 200 check",
                "fullTitle": "App /app/action/log http status 200 check",
                "timedOut": false,
                "duration": 95,
                "state": "passed",
                "speed": "slow",
                "pass": true,
                "fail": false,
                "pending": false,
                "code": "apigClient.invokeApi(params, pathTemplate, method, additionalParams, body)\n    .then(function (result) {\n        responseData = result.data;\n        assert.equal(200, result.status);\n        console.log(responseData);\n        done();\n    }).catch(function (result) {\n    console.log(result);\n    done('error');\n});",
                "err": {},
                "isRoot": false,
                "uuid": "20218427-8717-46f7-87e1-a442718a6389",
                "parentUUID": "4512594b-bc5f-4db5-8794-f1e9920474cb",
                "skipped": false
              }
            ],
            "failures": [],
            "skipped": [],
            "hasTests": true,
            "hasSuites": false,
            "totalTests": 1,
            "totalPasses": 1,
            "totalFailures": 0,
            "totalPending": 0,
            "totalSkipped": 0,
            "hasPasses": true,
            "hasFailures": false,
            "hasPending": false,
            "hasSkipped": false,
            "duration": 95,
            "rootEmpty": false
          },
          {
            "title": "/app/feedback/upload",
            "suites": [],
            "tests": [
              {
                "title": "http status 200 check",
                "fullTitle": "App /app/feedback/upload http status 200 check",
                "timedOut": false,
                "duration": 89,
                "state": "passed",
                "speed": "slow",
                "pass": true,
                "fail": false,
                "pending": false,
                "code": "apigClient.invokeApi(params, pathTemplate, method, additionalParams, body)\n    .then(function (result) {\n        responseData = result.data;\n        assert.equal(200, result.status);\n        console.log(responseData);\n        done();\n    }).catch(function (result) {\n    console.log(result);\n    done('error');\n});",
                "err": {},
                "isRoot": false,
                "uuid": "c532d0af-9578-4333-9e7d-3244d0680b4f",
                "parentUUID": "02b77180-cba8-44e4-a861-b3c81f34add7",
                "skipped": false
              }
            ],
            "pending": [],
            "root": false,
            "_timeout": 2000,
            "file": "/test/app.js",
            "uuid": "02b77180-cba8-44e4-a861-b3c81f34add7",
            "fullFile": "/Users/bok95/bluehack/apiway/tc/walkon-api-test/test/app.js",
            "passes": [
              {
                "title": "http status 200 check",
                "fullTitle": "App /app/feedback/upload http status 200 check",
                "timedOut": false,
                "duration": 89,
                "state": "passed",
                "speed": "slow",
                "pass": true,
                "fail": false,
                "pending": false,
                "code": "apigClient.invokeApi(params, pathTemplate, method, additionalParams, body)\n    .then(function (result) {\n        responseData = result.data;\n        assert.equal(200, result.status);\n        console.log(responseData);\n        done();\n    }).catch(function (result) {\n    console.log(result);\n    done('error');\n});",
                "err": {},
                "isRoot": false,
                "uuid": "c532d0af-9578-4333-9e7d-3244d0680b4f",
                "parentUUID": "02b77180-cba8-44e4-a861-b3c81f34add7",
                "skipped": false
              }
            ],
            "failures": [],
            "skipped": [],
            "hasTests": true,
            "hasSuites": false,
            "totalTests": 1,
            "totalPasses": 1,
            "totalFailures": 0,
            "totalPending": 0,
            "totalSkipped": 0,
            "hasPasses": true,
            "hasFailures": false,
            "hasPending": false,
            "hasSkipped": false,
            "duration": 89,
            "rootEmpty": false
          },
          {
            "title": "/app/ping",
            "suites": [],
            "tests": [
              {
                "title": "http status 200 check",
                "fullTitle": "App /app/ping http status 200 check",
                "timedOut": false,
                "duration": 41,
                "state": "passed",
                "speed": "medium",
                "pass": true,
                "fail": false,
                "pending": false,
                "code": "apigClient.invokeApi(params, pathTemplate, method, additionalParams, body)\n    .then(function (result) {\n        responseData = result.data;\n        httpResult = result;\n        assert.equal(200, result.status);\n        console.log(responseData);\n        done();\n    }).catch(function (result) {\n    console.log(result);\n    done('error');\n});",
                "err": {},
                "isRoot": false,
                "uuid": "5cc2f773-e351-489e-9b8c-76e373dc6276",
                "parentUUID": "2f960e02-6a7a-49b3-ae7a-d99a153ce2b3",
                "skipped": false
              },
              {
                "title": "Read date from http header",
                "fullTitle": "App /app/ping Read date from http header",
                "timedOut": false,
                "duration": 0,
                "state": "passed",
                "speed": "fast",
                "pass": true,
                "fail": false,
                "pending": false,
                "code": "assert(httpResult.headers.date != null);\nconsole.log(httpResult.headers.date);\ndone();",
                "err": {},
                "isRoot": false,
                "uuid": "4e923d4f-1d23-4e3e-8fac-71fe4ef37e5a",
                "parentUUID": "2f960e02-6a7a-49b3-ae7a-d99a153ce2b3",
                "skipped": false
              }
            ],
            "pending": [],
            "root": false,
            "_timeout": 2000,
            "file": "/test/app.js",
            "uuid": "2f960e02-6a7a-49b3-ae7a-d99a153ce2b3",
            "fullFile": "/Users/bok95/bluehack/apiway/tc/walkon-api-test/test/app.js",
            "passes": [
              {
                "title": "http status 200 check",
                "fullTitle": "App /app/ping http status 200 check",
                "timedOut": false,
                "duration": 41,
                "state": "passed",
                "speed": "medium",
                "pass": true,
                "fail": false,
                "pending": false,
                "code": "apigClient.invokeApi(params, pathTemplate, method, additionalParams, body)\n    .then(function (result) {\n        responseData = result.data;\n        httpResult = result;\n        assert.equal(200, result.status);\n        console.log(responseData);\n        done();\n    }).catch(function (result) {\n    console.log(result);\n    done('error');\n});",
                "err": {},
                "isRoot": false,
                "uuid": "5cc2f773-e351-489e-9b8c-76e373dc6276",
                "parentUUID": "2f960e02-6a7a-49b3-ae7a-d99a153ce2b3",
                "skipped": false
              },
              {
                "title": "Read date from http header",
                "fullTitle": "App /app/ping Read date from http header",
                "timedOut": false,
                "duration": 0,
                "state": "passed",
                "speed": "fast",
                "pass": true,
                "fail": false,
                "pending": false,
                "code": "assert(httpResult.headers.date != null);\nconsole.log(httpResult.headers.date);\ndone();",
                "err": {},
                "isRoot": false,
                "uuid": "4e923d4f-1d23-4e3e-8fac-71fe4ef37e5a",
                "parentUUID": "2f960e02-6a7a-49b3-ae7a-d99a153ce2b3",
                "skipped": false
              }
            ],
            "failures": [],
            "skipped": [],
            "hasTests": true,
            "hasSuites": false,
            "totalTests": 2,
            "totalPasses": 2,
            "totalFailures": 0,
            "totalPending": 0,
            "totalSkipped": 0,
            "hasPasses": true,
            "hasFailures": false,
            "hasPending": false,
            "hasSkipped": false,
            "duration": 41,
            "rootEmpty": false
          }
        ],
        "tests": [],
        "pending": [],
        "root": false,
        "_timeout": 2000,
        "file": "/test/app.js",
        "uuid": "16ce19fd-f5bd-46b0-b38a-01319ae5bcf8",
        "fullFile": "/Users/bok95/bluehack/apiway/tc/walkon-api-test/test/app.js",
        "passes": [],
        "failures": [],
        "skipped": [],
        "hasTests": false,
        "hasSuites": true,
        "totalTests": 0,
        "totalPasses": 0,
        "totalFailures": 0,
        "totalPending": 0,
        "totalSkipped": 0,
        "hasPasses": false,
        "hasFailures": false,
        "hasPending": false,
        "hasSkipped": false,
        "duration": 0,
        "rootEmpty": false
      },
      {
        "title": "User",
        "suites": [
          {
            "title": "/user/signup/sms",
            "suites": [],
            "tests": [
              {
                "title": "http status 200 check",
                "fullTitle": "User /user/signup/sms http status 200 check",
                "timedOut": false,
                "duration": 209,
                "state": "passed",
                "speed": "slow",
                "pass": true,
                "fail": false,
                "pending": false,
                "code": "apigClient.invokeApi(params, pathTemplate, method, additionalParams, body)\n    .then(function (result) {\n        // assert.equal(\"3EF2E603F15B4DF6ACC12A0D5D34AF0F\", result.data.id);\n        responseData = result.data;\n        assert.equal(200, result.status);\n        console.log(responseData);\n        done();\n    }).catch(function (result) {\n    console.log(result);\n    done('error');\n});",
                "err": {},
                "isRoot": false,
                "uuid": "239e099b-90a9-453c-a1dd-35b8c8df89cc",
                "parentUUID": "e4873f68-38bd-4be4-8178-cdb309dad314",
                "skipped": false
              },
              {
                "title": "data null check",
                "fullTitle": "User /user/signup/sms data null check",
                "timedOut": false,
                "duration": 0,
                "state": "passed",
                "speed": "fast",
                "pass": true,
                "fail": false,
                "pending": false,
                "code": "assert(responseData.data != null);\nconsole.log(responseData.data);\ndone();",
                "err": {},
                "isRoot": false,
                "uuid": "6e2c011e-a2ee-4b86-9d1d-60522a01d983",
                "parentUUID": "e4873f68-38bd-4be4-8178-cdb309dad314",
                "skipped": false
              },
              {
                "title": "id check",
                "fullTitle": "User /user/signup/sms id check",
                "timedOut": false,
                "duration": 0,
                "state": "passed",
                "speed": "fast",
                "pass": true,
                "fail": false,
                "pending": false,
                "code": "assert(responseData.data.id != null);\nconsole.log(responseData.data)\nsignupId = responseData.data.id;\nconsole.log(responseData.data.id);\ndone();",
                "err": {},
                "isRoot": false,
                "uuid": "6c1a8db3-5f70-4b1b-ad50-4514f587aee7",
                "parentUUID": "e4873f68-38bd-4be4-8178-cdb309dad314",
                "skipped": false
              }
            ],
            "pending": [],
            "root": false,
            "_timeout": 2000,
            "file": "/test/users.js",
            "uuid": "e4873f68-38bd-4be4-8178-cdb309dad314",
            "fullFile": "/Users/bok95/bluehack/apiway/tc/walkon-api-test/test/users.js",
            "passes": [
              {
                "title": "http status 200 check",
                "fullTitle": "User /user/signup/sms http status 200 check",
                "timedOut": false,
                "duration": 209,
                "state": "passed",
                "speed": "slow",
                "pass": true,
                "fail": false,
                "pending": false,
                "code": "apigClient.invokeApi(params, pathTemplate, method, additionalParams, body)\n    .then(function (result) {\n        // assert.equal(\"3EF2E603F15B4DF6ACC12A0D5D34AF0F\", result.data.id);\n        responseData = result.data;\n        assert.equal(200, result.status);\n        console.log(responseData);\n        done();\n    }).catch(function (result) {\n    console.log(result);\n    done('error');\n});",
                "err": {},
                "isRoot": false,
                "uuid": "239e099b-90a9-453c-a1dd-35b8c8df89cc",
                "parentUUID": "e4873f68-38bd-4be4-8178-cdb309dad314",
                "skipped": false
              },
              {
                "title": "data null check",
                "fullTitle": "User /user/signup/sms data null check",
                "timedOut": false,
                "duration": 0,
                "state": "passed",
                "speed": "fast",
                "pass": true,
                "fail": false,
                "pending": false,
                "code": "assert(responseData.data != null);\nconsole.log(responseData.data);\ndone();",
                "err": {},
                "isRoot": false,
                "uuid": "6e2c011e-a2ee-4b86-9d1d-60522a01d983",
                "parentUUID": "e4873f68-38bd-4be4-8178-cdb309dad314",
                "skipped": false
              },
              {
                "title": "id check",
                "fullTitle": "User /user/signup/sms id check",
                "timedOut": false,
                "duration": 0,
                "state": "passed",
                "speed": "fast",
                "pass": true,
                "fail": false,
                "pending": false,
                "code": "assert(responseData.data.id != null);\nconsole.log(responseData.data)\nsignupId = responseData.data.id;\nconsole.log(responseData.data.id);\ndone();",
                "err": {},
                "isRoot": false,
                "uuid": "6c1a8db3-5f70-4b1b-ad50-4514f587aee7",
                "parentUUID": "e4873f68-38bd-4be4-8178-cdb309dad314",
                "skipped": false
              }
            ],
            "failures": [],
            "skipped": [],
            "hasTests": true,
            "hasSuites": false,
            "totalTests": 3,
            "totalPasses": 3,
            "totalFailures": 0,
            "totalPending": 0,
            "totalSkipped": 0,
            "hasPasses": true,
            "hasFailures": false,
            "hasPending": false,
            "hasSkipped": false,
            "duration": 209,
            "rootEmpty": false
          },
          {
            "title": "/user/signup/sms/apply",
            "suites": [],
            "tests": [
              {
                "title": "data null check",
                "fullTitle": "User /user/signup/sms/apply data null check",
                "timedOut": false,
                "duration": 135,
                "state": "passed",
                "speed": "slow",
                "pass": true,
                "fail": false,
                "pending": false,
                "code": "console.log(body);\napigClient.invokeApi(params, pathTemplate, method, additionalParams, body)\n    .then(function (result) {\n        responseData = result.data;\n        assert.equal(200, result.status);\n        console.log(responseData);\n        assert(responseData.data != null);\n        console.log(responseData.data);\n        done();\n    }).catch(function (result) {\n    console.log(result);\n    done('error');\n});",
                "err": {},
                "isRoot": false,
                "uuid": "36e010df-be81-4abf-a005-e7a59e42bdf6",
                "parentUUID": "c1f821d2-140e-446b-9d00-cbe04b7642bb",
                "skipped": false
              },
              {
                "title": "result code check",
                "fullTitle": "User /user/signup/sms/apply result code check",
                "timedOut": false,
                "duration": 0,
                "state": "passed",
                "speed": "fast",
                "pass": true,
                "fail": false,
                "pending": false,
                "code": "assert.equal(responseData.resultCode, 0);\nconsole.log(responseData.resultCode);\ndone();",
                "err": {},
                "isRoot": false,
                "uuid": "dec16277-d66e-4ba9-bcbb-c337bd9edb01",
                "parentUUID": "c1f821d2-140e-446b-9d00-cbe04b7642bb",
                "skipped": false
              },
              {
                "title": "token check",
                "fullTitle": "User /user/signup/sms/apply token check",
                "timedOut": false,
                "duration": 0,
                "state": "passed",
                "speed": "fast",
                "pass": true,
                "fail": false,
                "pending": false,
                "code": "assert(responseData.data.token != null);\ntoken = responseData.data.token;\nconsole.log(responseData.data.token);\ndone();",
                "err": {},
                "isRoot": false,
                "uuid": "0c263ba8-4d96-4602-b5d5-80c5d33326a3",
                "parentUUID": "c1f821d2-140e-446b-9d00-cbe04b7642bb",
                "skipped": false
              }
            ],
            "pending": [],
            "root": false,
            "_timeout": 2000,
            "file": "/test/users.js",
            "uuid": "c1f821d2-140e-446b-9d00-cbe04b7642bb",
            "fullFile": "/Users/bok95/bluehack/apiway/tc/walkon-api-test/test/users.js",
            "passes": [
              {
                "title": "data null check",
                "fullTitle": "User /user/signup/sms/apply data null check",
                "timedOut": false,
                "duration": 135,
                "state": "passed",
                "speed": "slow",
                "pass": true,
                "fail": false,
                "pending": false,
                "code": "console.log(body);\napigClient.invokeApi(params, pathTemplate, method, additionalParams, body)\n    .then(function (result) {\n        responseData = result.data;\n        assert.equal(200, result.status);\n        console.log(responseData);\n        assert(responseData.data != null);\n        console.log(responseData.data);\n        done();\n    }).catch(function (result) {\n    console.log(result);\n    done('error');\n});",
                "err": {},
                "isRoot": false,
                "uuid": "36e010df-be81-4abf-a005-e7a59e42bdf6",
                "parentUUID": "c1f821d2-140e-446b-9d00-cbe04b7642bb",
                "skipped": false
              },
              {
                "title": "result code check",
                "fullTitle": "User /user/signup/sms/apply result code check",
                "timedOut": false,
                "duration": 0,
                "state": "passed",
                "speed": "fast",
                "pass": true,
                "fail": false,
                "pending": false,
                "code": "assert.equal(responseData.resultCode, 0);\nconsole.log(responseData.resultCode);\ndone();",
                "err": {},
                "isRoot": false,
                "uuid": "dec16277-d66e-4ba9-bcbb-c337bd9edb01",
                "parentUUID": "c1f821d2-140e-446b-9d00-cbe04b7642bb",
                "skipped": false
              },
              {
                "title": "token check",
                "fullTitle": "User /user/signup/sms/apply token check",
                "timedOut": false,
                "duration": 0,
                "state": "passed",
                "speed": "fast",
                "pass": true,
                "fail": false,
                "pending": false,
                "code": "assert(responseData.data.token != null);\ntoken = responseData.data.token;\nconsole.log(responseData.data.token);\ndone();",
                "err": {},
                "isRoot": false,
                "uuid": "0c263ba8-4d96-4602-b5d5-80c5d33326a3",
                "parentUUID": "c1f821d2-140e-446b-9d00-cbe04b7642bb",
                "skipped": false
              }
            ],
            "failures": [],
            "skipped": [],
            "hasTests": true,
            "hasSuites": false,
            "totalTests": 3,
            "totalPasses": 3,
            "totalFailures": 0,
            "totalPending": 0,
            "totalSkipped": 0,
            "hasPasses": true,
            "hasFailures": false,
            "hasPending": false,
            "hasSkipped": false,
            "duration": 135,
            "rootEmpty": false
          },
          {
            "title": "/user/login/phoneno",
            "suites": [],
            "tests": [
              {
                "title": "data null check",
                "fullTitle": "User /user/login/phoneno data null check",
                "timedOut": false,
                "duration": 128,
                "state": "failed",
                "pass": false,
                "fail": true,
                "pending": false,
                "code": "console.log(body);\napigClient.invokeApi(params, pathTemplate, method, additionalParams, body)\n    .then(function (result) {\n        responseData = result.data;\n        assert.equal(200, result.status);\n        console.log(responseData);\n        assert(responseData.data != null);\n        console.log(responseData.data);\n        done();\n    }).catch(function (result) {\n    console.log(result);\n    done('error');\n});",
                "err": {
                  "estack": "Error: done() invoked with non-Error: error\n    at test/users.js:131:17\n    at process._tickCallback (internal/process/next_tick.js:103:7)"
                },
                "isRoot": false,
                "uuid": "9781e46a-01d2-43c8-a686-c462d995221d",
                "parentUUID": "800c86d6-1d03-4dfc-a53a-593d35c8624f",
                "skipped": false
              },
              {
                "title": "result code check",
                "fullTitle": "User /user/login/phoneno result code check",
                "timedOut": false,
                "duration": 0,
                "state": "failed",
                "pass": false,
                "fail": true,
                "pending": false,
                "code": "assert.equal(responseData.resultCode, 0);\nconsole.log(responseData.resultCode);\ndone();",
                "err": {
                  "name": "AssertionError",
                  "actual": "101",
                  "expected": "0",
                  "operator": "==",
                  "message": "101 == 0",
                  "generatedMessage": true,
                  "estack": "AssertionError: 101 == 0\n    at Context.<anonymous> (test/users.js:135:20)",
                  "diff": "- 101\n+ 0\n"
                },
                "isRoot": false,
                "uuid": "a9674564-94f0-4c9f-bb13-73e347c86b3e",
                "parentUUID": "800c86d6-1d03-4dfc-a53a-593d35c8624f",
                "skipped": false
              },
              {
                "title": "data null check",
                "fullTitle": "User /user/login/phoneno data null check",
                "timedOut": false,
                "duration": 1,
                "state": "failed",
                "pass": false,
                "fail": true,
                "pending": false,
                "code": "assert(responseData.data != null);\nconsole.log(responseData.data);\ndone();",
                "err": {
                  "name": "AssertionError",
                  "actual": "false",
                  "expected": "true",
                  "operator": "==",
                  "message": "false == true",
                  "generatedMessage": true,
                  "estack": "AssertionError: false == true\n    at Context.<anonymous> (test/users.js:140:13)",
                  "diff": "- false\n+ true\n"
                },
                "isRoot": false,
                "uuid": "1fc39785-6ea6-4e2d-8bfc-4b32f271d34c",
                "parentUUID": "800c86d6-1d03-4dfc-a53a-593d35c8624f",
                "skipped": false
              },
              {
                "title": "token check",
                "fullTitle": "User /user/login/phoneno token check",
                "timedOut": false,
                "duration": 0,
                "state": "failed",
                "pass": false,
                "fail": true,
                "pending": false,
                "code": "assert(responseData.data.token != null);\nconsole.log(responseData.data.token);\ndone();",
                "err": {
                  "estack": "TypeError: Cannot read property 'token' of undefined\n    at Context.<anonymous> (test/users.js:145:37)"
                },
                "isRoot": false,
                "uuid": "2a061c05-b0af-4435-97ef-69cb91328466",
                "parentUUID": "800c86d6-1d03-4dfc-a53a-593d35c8624f",
                "skipped": false
              }
            ],
            "pending": [],
            "root": false,
            "_timeout": 2000,
            "file": "/test/users.js",
            "uuid": "800c86d6-1d03-4dfc-a53a-593d35c8624f",
            "fullFile": "/Users/bok95/bluehack/apiway/tc/walkon-api-test/test/users.js",
            "passes": [],
            "failures": [
              {
                "title": "data null check",
                "fullTitle": "User /user/login/phoneno data null check",
                "timedOut": false,
                "duration": 128,
                "state": "failed",
                "pass": false,
                "fail": true,
                "pending": false,
                "code": "console.log(body);\napigClient.invokeApi(params, pathTemplate, method, additionalParams, body)\n    .then(function (result) {\n        responseData = result.data;\n        assert.equal(200, result.status);\n        console.log(responseData);\n        assert(responseData.data != null);\n        console.log(responseData.data);\n        done();\n    }).catch(function (result) {\n    console.log(result);\n    done('error');\n});",
                "err": {
                  "estack": "Error: done() invoked with non-Error: error\n    at test/users.js:131:17\n    at process._tickCallback (internal/process/next_tick.js:103:7)"
                },
                "isRoot": false,
                "uuid": "9781e46a-01d2-43c8-a686-c462d995221d",
                "parentUUID": "800c86d6-1d03-4dfc-a53a-593d35c8624f",
                "skipped": false
              },
              {
                "title": "result code check",
                "fullTitle": "User /user/login/phoneno result code check",
                "timedOut": false,
                "duration": 0,
                "state": "failed",
                "pass": false,
                "fail": true,
                "pending": false,
                "code": "assert.equal(responseData.resultCode, 0);\nconsole.log(responseData.resultCode);\ndone();",
                "err": {
                  "name": "AssertionError",
                  "actual": "101",
                  "expected": "0",
                  "operator": "==",
                  "message": "101 == 0",
                  "generatedMessage": true,
                  "estack": "AssertionError: 101 == 0\n    at Context.<anonymous> (test/users.js:135:20)",
                  "diff": "- 101\n+ 0\n"
                },
                "isRoot": false,
                "uuid": "a9674564-94f0-4c9f-bb13-73e347c86b3e",
                "parentUUID": "800c86d6-1d03-4dfc-a53a-593d35c8624f",
                "skipped": false
              },
              {
                "title": "data null check",
                "fullTitle": "User /user/login/phoneno data null check",
                "timedOut": false,
                "duration": 1,
                "state": "failed",
                "pass": false,
                "fail": true,
                "pending": false,
                "code": "assert(responseData.data != null);\nconsole.log(responseData.data);\ndone();",
                "err": {
                  "name": "AssertionError",
                  "actual": "false",
                  "expected": "true",
                  "operator": "==",
                  "message": "false == true",
                  "generatedMessage": true,
                  "estack": "AssertionError: false == true\n    at Context.<anonymous> (test/users.js:140:13)",
                  "diff": "- false\n+ true\n"
                },
                "isRoot": false,
                "uuid": "1fc39785-6ea6-4e2d-8bfc-4b32f271d34c",
                "parentUUID": "800c86d6-1d03-4dfc-a53a-593d35c8624f",
                "skipped": false
              },
              {
                "title": "token check",
                "fullTitle": "User /user/login/phoneno token check",
                "timedOut": false,
                "duration": 0,
                "state": "failed",
                "pass": false,
                "fail": true,
                "pending": false,
                "code": "assert(responseData.data.token != null);\nconsole.log(responseData.data.token);\ndone();",
                "err": {
                  "estack": "TypeError: Cannot read property 'token' of undefined\n    at Context.<anonymous> (test/users.js:145:37)"
                },
                "isRoot": false,
                "uuid": "2a061c05-b0af-4435-97ef-69cb91328466",
                "parentUUID": "800c86d6-1d03-4dfc-a53a-593d35c8624f",
                "skipped": false
              }
            ],
            "skipped": [],
            "hasTests": true,
            "hasSuites": false,
            "totalTests": 4,
            "totalPasses": 0,
            "totalFailures": 4,
            "totalPending": 0,
            "totalSkipped": 0,
            "hasPasses": false,
            "hasFailures": true,
            "hasPending": false,
            "hasSkipped": false,
            "duration": 129,
            "rootEmpty": false
          },
          {
            "title": "/user/update",
            "suites": [],
            "tests": [
              {
                "title": "http status check",
                "fullTitle": "User /user/update http status check",
                "timedOut": false,
                "duration": 149,
                "state": "passed",
                "speed": "slow",
                "pass": true,
                "fail": false,
                "pending": false,
                "code": "var body = {\n    name : \"bluehack\",\n    gender : 0,\n    birth : 1483018800,\n    height : 180,\n    weight : 70\n};\nconsole.log(body);\napigClient.invokeApi(params, pathTemplate, method, additionalParams, body)\n    .then(function (result) {\n        responseData = result.data;\n        assert.equal(200, result.status);\n        console.log(responseData);\n        done();\n    }).catch(function (result) {\n    console.log(result);\n    done('error');\n});",
                "err": {},
                "isRoot": false,
                "uuid": "805dd3b1-2893-465c-a6e4-379ffa9c1dde",
                "parentUUID": "f844b57b-e505-416c-8519-9fe34b5a426b",
                "skipped": false
              },
              {
                "title": "result code check",
                "fullTitle": "User /user/update result code check",
                "timedOut": false,
                "duration": 0,
                "state": "passed",
                "speed": "fast",
                "pass": true,
                "fail": false,
                "pending": false,
                "code": "console.log(responseData);\nassert.equal(responseData.resultCode, 0);\nconsole.log(responseData.resultCode);\ndone();",
                "err": {},
                "isRoot": false,
                "uuid": "e4e677a0-9f2d-4a84-96d2-b825701c4371",
                "parentUUID": "f844b57b-e505-416c-8519-9fe34b5a426b",
                "skipped": false
              },
              {
                "title": "change hidestep",
                "fullTitle": "User /user/update change hidestep",
                "timedOut": false,
                "duration": 156,
                "state": "passed",
                "speed": "slow",
                "pass": true,
                "fail": false,
                "pending": false,
                "code": "var body = {\n    name : \"bluehack\",\n    gender : 0,\n    birth : 1483018800,\n    height : 180,\n    weight : 70,\n    hideStep: 0\n};\nconsole.log(body);\napigClient.invokeApi(params, pathTemplate, method, additionalParams, body)\n    .then(function (result) {\n        responseData = result.data;\n        assert.equal(200, result.status);\n        assert(\"Internal Server Error\" != result.data);\n        console.log(responseData);\n        done();\n    }).catch(function (result) {\n    console.log(result);\n    done('error');\n});",
                "err": {},
                "isRoot": false,
                "uuid": "7fc8d614-d436-4944-a992-628b37b53f8e",
                "parentUUID": "f844b57b-e505-416c-8519-9fe34b5a426b",
                "skipped": false
              }
            ],
            "pending": [],
            "root": false,
            "_timeout": 2000,
            "file": "/test/users.js",
            "uuid": "f844b57b-e505-416c-8519-9fe34b5a426b",
            "fullFile": "/Users/bok95/bluehack/apiway/tc/walkon-api-test/test/users.js",
            "passes": [
              {
                "title": "http status check",
                "fullTitle": "User /user/update http status check",
                "timedOut": false,
                "duration": 149,
                "state": "passed",
                "speed": "slow",
                "pass": true,
                "fail": false,
                "pending": false,
                "code": "var body = {\n    name : \"bluehack\",\n    gender : 0,\n    birth : 1483018800,\n    height : 180,\n    weight : 70\n};\nconsole.log(body);\napigClient.invokeApi(params, pathTemplate, method, additionalParams, body)\n    .then(function (result) {\n        responseData = result.data;\n        assert.equal(200, result.status);\n        console.log(responseData);\n        done();\n    }).catch(function (result) {\n    console.log(result);\n    done('error');\n});",
                "err": {},
                "isRoot": false,
                "uuid": "805dd3b1-2893-465c-a6e4-379ffa9c1dde",
                "parentUUID": "f844b57b-e505-416c-8519-9fe34b5a426b",
                "skipped": false
              },
              {
                "title": "result code check",
                "fullTitle": "User /user/update result code check",
                "timedOut": false,
                "duration": 0,
                "state": "passed",
                "speed": "fast",
                "pass": true,
                "fail": false,
                "pending": false,
                "code": "console.log(responseData);\nassert.equal(responseData.resultCode, 0);\nconsole.log(responseData.resultCode);\ndone();",
                "err": {},
                "isRoot": false,
                "uuid": "e4e677a0-9f2d-4a84-96d2-b825701c4371",
                "parentUUID": "f844b57b-e505-416c-8519-9fe34b5a426b",
                "skipped": false
              },
              {
                "title": "change hidestep",
                "fullTitle": "User /user/update change hidestep",
                "timedOut": false,
                "duration": 156,
                "state": "passed",
                "speed": "slow",
                "pass": true,
                "fail": false,
                "pending": false,
                "code": "var body = {\n    name : \"bluehack\",\n    gender : 0,\n    birth : 1483018800,\n    height : 180,\n    weight : 70,\n    hideStep: 0\n};\nconsole.log(body);\napigClient.invokeApi(params, pathTemplate, method, additionalParams, body)\n    .then(function (result) {\n        responseData = result.data;\n        assert.equal(200, result.status);\n        assert(\"Internal Server Error\" != result.data);\n        console.log(responseData);\n        done();\n    }).catch(function (result) {\n    console.log(result);\n    done('error');\n});",
                "err": {},
                "isRoot": false,
                "uuid": "7fc8d614-d436-4944-a992-628b37b53f8e",
                "parentUUID": "f844b57b-e505-416c-8519-9fe34b5a426b",
                "skipped": false
              }
            ],
            "failures": [],
            "skipped": [],
            "hasTests": true,
            "hasSuites": false,
            "totalTests": 3,
            "totalPasses": 3,
            "totalFailures": 0,
            "totalPending": 0,
            "totalSkipped": 0,
            "hasPasses": true,
            "hasFailures": false,
            "hasPending": false,
            "hasSkipped": false,
            "duration": 305,
            "rootEmpty": false
          },
          {
            "title": "/user",
            "suites": [],
            "tests": [
              {
                "title": "http status check",
                "fullTitle": "User /user http status check",
                "timedOut": false,
                "duration": 77,
                "state": "passed",
                "speed": "slow",
                "pass": true,
                "fail": false,
                "pending": false,
                "code": "apigClient.invokeApi(params, pathTemplate, method, additionalParams, body)\n    .then(function (result) {\n        responseData = result.data;\n        assert.equal(200, result.status);\n        // console.log(responseData);\n        done();\n    }).catch(function (result) {\n    console.log(result);\n    done('error');\n});",
                "err": {},
                "isRoot": false,
                "uuid": "c9076e22-57a2-4c4e-8f2d-35fe7571cc63",
                "parentUUID": "1d2f7459-7415-4aa6-b612-33fae26b566c",
                "skipped": false
              },
              {
                "title": "result code check",
                "fullTitle": "User /user result code check",
                "timedOut": false,
                "duration": 0,
                "state": "passed",
                "speed": "fast",
                "pass": true,
                "fail": false,
                "pending": false,
                "code": "// console.log(responseData);\nassert.equal(responseData.resultCode, 0);\nconsole.log(responseData.resultCode);\ndone();",
                "err": {},
                "isRoot": false,
                "uuid": "a628aca6-a506-49d0-ba8c-b75589d595c4",
                "parentUUID": "1d2f7459-7415-4aa6-b612-33fae26b566c",
                "skipped": false
              },
              {
                "title": "data null check",
                "fullTitle": "User /user data null check",
                "timedOut": false,
                "duration": 75,
                "state": "passed",
                "speed": "medium",
                "pass": true,
                "fail": false,
                "pending": false,
                "code": "apigClient.invokeApi(params, pathTemplate, method, additionalParams, body)\n    .then(function (result) {\n        responseData = result.data;\n        console.log(responseData.data);\n        assert(responseData.data != null);\n        done();\n    }).catch(function (result) {\n    console.log(result);\n    done('error');\n});",
                "err": {},
                "isRoot": false,
                "uuid": "26ce35ce-576d-4183-97b2-4d957e127699",
                "parentUUID": "1d2f7459-7415-4aa6-b612-33fae26b566c",
                "skipped": false
              },
              {
                "title": "data.name null check",
                "fullTitle": "User /user data.name null check",
                "timedOut": false,
                "duration": 86,
                "state": "passed",
                "speed": "slow",
                "pass": true,
                "fail": false,
                "pending": false,
                "code": "apigClient.invokeApi(params, pathTemplate, method, additionalParams, body)\n    .then(function (result) {\n        assert(responseData.data.name != null);\n        console.log(responseData.data.name);\n        done();\n    }).catch(function (result) {\n    console.log(result);\n    done('error');\n});",
                "err": {},
                "isRoot": false,
                "uuid": "4b3ab0e0-2e31-4aea-bb4a-c7583c3f09d3",
                "parentUUID": "1d2f7459-7415-4aa6-b612-33fae26b566c",
                "skipped": false
              },
              {
                "title": "data.profile null check",
                "fullTitle": "User /user data.profile null check",
                "timedOut": false,
                "duration": 86,
                "state": "passed",
                "speed": "slow",
                "pass": true,
                "fail": false,
                "pending": false,
                "code": "apigClient.invokeApi(params, pathTemplate, method, additionalParams, body)\n    .then(function (result) {\n        assert(responseData.data.profile!= null);\n        console.log(responseData.data.profile);\n        done();\n    }).catch(function (result) {\n    console.log(result);\n    done('error');\n});",
                "err": {},
                "isRoot": false,
                "uuid": "9884488c-d644-47e0-89dc-b17424a925cd",
                "parentUUID": "1d2f7459-7415-4aa6-b612-33fae26b566c",
                "skipped": false
              }
            ],
            "pending": [],
            "root": false,
            "_timeout": 2000,
            "file": "/test/users.js",
            "uuid": "1d2f7459-7415-4aa6-b612-33fae26b566c",
            "fullFile": "/Users/bok95/bluehack/apiway/tc/walkon-api-test/test/users.js",
            "passes": [
              {
                "title": "http status check",
                "fullTitle": "User /user http status check",
                "timedOut": false,
                "duration": 77,
                "state": "passed",
                "speed": "slow",
                "pass": true,
                "fail": false,
                "pending": false,
                "code": "apigClient.invokeApi(params, pathTemplate, method, additionalParams, body)\n    .then(function (result) {\n        responseData = result.data;\n        assert.equal(200, result.status);\n        // console.log(responseData);\n        done();\n    }).catch(function (result) {\n    console.log(result);\n    done('error');\n});",
                "err": {},
                "isRoot": false,
                "uuid": "c9076e22-57a2-4c4e-8f2d-35fe7571cc63",
                "parentUUID": "1d2f7459-7415-4aa6-b612-33fae26b566c",
                "skipped": false
              },
              {
                "title": "result code check",
                "fullTitle": "User /user result code check",
                "timedOut": false,
                "duration": 0,
                "state": "passed",
                "speed": "fast",
                "pass": true,
                "fail": false,
                "pending": false,
                "code": "// console.log(responseData);\nassert.equal(responseData.resultCode, 0);\nconsole.log(responseData.resultCode);\ndone();",
                "err": {},
                "isRoot": false,
                "uuid": "a628aca6-a506-49d0-ba8c-b75589d595c4",
                "parentUUID": "1d2f7459-7415-4aa6-b612-33fae26b566c",
                "skipped": false
              },
              {
                "title": "data null check",
                "fullTitle": "User /user data null check",
                "timedOut": false,
                "duration": 75,
                "state": "passed",
                "speed": "medium",
                "pass": true,
                "fail": false,
                "pending": false,
                "code": "apigClient.invokeApi(params, pathTemplate, method, additionalParams, body)\n    .then(function (result) {\n        responseData = result.data;\n        console.log(responseData.data);\n        assert(responseData.data != null);\n        done();\n    }).catch(function (result) {\n    console.log(result);\n    done('error');\n});",
                "err": {},
                "isRoot": false,
                "uuid": "26ce35ce-576d-4183-97b2-4d957e127699",
                "parentUUID": "1d2f7459-7415-4aa6-b612-33fae26b566c",
                "skipped": false
              },
              {
                "title": "data.name null check",
                "fullTitle": "User /user data.name null check",
                "timedOut": false,
                "duration": 86,
                "state": "passed",
                "speed": "slow",
                "pass": true,
                "fail": false,
                "pending": false,
                "code": "apigClient.invokeApi(params, pathTemplate, method, additionalParams, body)\n    .then(function (result) {\n        assert(responseData.data.name != null);\n        console.log(responseData.data.name);\n        done();\n    }).catch(function (result) {\n    console.log(result);\n    done('error');\n});",
                "err": {},
                "isRoot": false,
                "uuid": "4b3ab0e0-2e31-4aea-bb4a-c7583c3f09d3",
                "parentUUID": "1d2f7459-7415-4aa6-b612-33fae26b566c",
                "skipped": false
              },
              {
                "title": "data.profile null check",
                "fullTitle": "User /user data.profile null check",
                "timedOut": false,
                "duration": 86,
                "state": "passed",
                "speed": "slow",
                "pass": true,
                "fail": false,
                "pending": false,
                "code": "apigClient.invokeApi(params, pathTemplate, method, additionalParams, body)\n    .then(function (result) {\n        assert(responseData.data.profile!= null);\n        console.log(responseData.data.profile);\n        done();\n    }).catch(function (result) {\n    console.log(result);\n    done('error');\n});",
                "err": {},
                "isRoot": false,
                "uuid": "9884488c-d644-47e0-89dc-b17424a925cd",
                "parentUUID": "1d2f7459-7415-4aa6-b612-33fae26b566c",
                "skipped": false
              }
            ],
            "failures": [],
            "skipped": [],
            "hasTests": true,
            "hasSuites": false,
            "totalTests": 5,
            "totalPasses": 5,
            "totalFailures": 0,
            "totalPending": 0,
            "totalSkipped": 0,
            "hasPasses": true,
            "hasFailures": false,
            "hasPending": false,
            "hasSkipped": false,
            "duration": 324,
            "rootEmpty": false
          },
          {
            "title": "/user",
            "suites": [],
            "tests": [
              {
                "title": "http status check",
                "fullTitle": "User /user http status check",
                "timedOut": false,
                "duration": 69,
                "state": "passed",
                "speed": "medium",
                "pass": true,
                "fail": false,
                "pending": false,
                "code": "apigClient.invokeApi(params, pathTemplate, method, additionalParams, body)\n    .then(function (result) {\n        responseData = result.data;\n        assert.equal(200, result.status);\n        // console.log(responseData);\n        done();\n    }).catch(function (result) {\n    console.log(result);\n    done('error');\n});",
                "err": {},
                "isRoot": false,
                "uuid": "b526d702-ed4d-4165-a274-5122cd2c74ba",
                "parentUUID": "59a51ccd-e273-4f44-a129-e7009143c777",
                "skipped": false
              },
              {
                "title": "result code check",
                "fullTitle": "User /user result code check",
                "timedOut": false,
                "duration": 0,
                "state": "passed",
                "speed": "fast",
                "pass": true,
                "fail": false,
                "pending": false,
                "code": "// console.log(responseData);\nassert.equal(responseData.resultCode, 0);\nconsole.log(responseData.resultCode);\ndone();",
                "err": {},
                "isRoot": false,
                "uuid": "da43c9a8-f33c-4824-ba22-d3300fd03d75",
                "parentUUID": "59a51ccd-e273-4f44-a129-e7009143c777",
                "skipped": false
              },
              {
                "title": "data null check",
                "fullTitle": "User /user data null check",
                "timedOut": false,
[...]
      "uuid": "4e923d4f-1d23-4e3e-8fac-71fe4ef37e5a",
      "parentUUID": "2f960e02-6a7a-49b3-ae7a-d99a153ce2b3",
      "skipped": false
    },
    {
      "title": "http status 200 check",
      "fullTitle": "/user/signup/sms http status 200 check",
      "timedOut": false,
      "duration": 209,
      "state": "passed",
      "speed": "slow",
      "pass": true,
      "fail": false,
      "pending": false,
      "code": "apigClient.invokeApi(params, pathTemplate, method, additionalParams, body)\n    .then(function (result) {\n        // assert.equal(\"3EF2E603F15B4DF6ACC12A0D5D34AF0F\", result.data.id);\n        responseData = result.data;\n        assert.equal(200, result.status);\n        console.log(responseData);\n        done();\n    }).catch(function (result) {\n    console.log(result);\n    done('error');\n});",
      "err": {},
      "isRoot": false,
      "uuid": "239e099b-90a9-453c-a1dd-35b8c8df89cc",
      "parentUUID": "e4873f68-38bd-4be4-8178-cdb309dad314",
      "skipped": false
    },
    {
      "title": "data null check",
      "fullTitle": "/user/signup/sms data null check",
      "timedOut": false,
      "duration": 0,
      "state": "passed",
      "speed": "fast",
      "pass": true,
      "fail": false,
      "pending": false,
      "code": "assert(responseData.data != null);\nconsole.log(responseData.data);\ndone();",
      "err": {},
      "isRoot": false,
      "uuid": "6e2c011e-a2ee-4b86-9d1d-60522a01d983",
      "parentUUID": "e4873f68-38bd-4be4-8178-cdb309dad314",
      "skipped": false
    },
    {
      "title": "id check",
      "fullTitle": "/user/signup/sms id check",
      "timedOut": false,
      "duration": 0,
      "state": "passed",
      "speed": "fast",
      "pass": true,
      "fail": false,
      "pending": false,
      "code": "assert(responseData.data.id != null);\nconsole.log(responseData.data)\nsignupId = responseData.data.id;\nconsole.log(responseData.data.id);\ndone();",
      "err": {},
      "isRoot": false,
      "uuid": "6c1a8db3-5f70-4b1b-ad50-4514f587aee7",
      "parentUUID": "e4873f68-38bd-4be4-8178-cdb309dad314",
      "skipped": false
    },
    {
      "title": "data null check",
      "fullTitle": "/user/signup/sms/apply data null check",
      "timedOut": false,
      "duration": 135,
      "state": "passed",
      "speed": "slow",
      "pass": true,
      "fail": false,
      "pending": false,
      "code": "console.log(body);\napigClient.invokeApi(params, pathTemplate, method, additionalParams, body)\n    .then(function (result) {\n        responseData = result.data;\n        assert.equal(200, result.status);\n        console.log(responseData);\n        assert(responseData.data != null);\n        console.log(responseData.data);\n        done();\n    }).catch(function (result) {\n    console.log(result);\n    done('error');\n});",
      "err": {},
      "isRoot": false,
      "uuid": "36e010df-be81-4abf-a005-e7a59e42bdf6",
      "parentUUID": "c1f821d2-140e-446b-9d00-cbe04b7642bb",
      "skipped": false
    },
    {
      "title": "result code check",
      "fullTitle": "/user/signup/sms/apply result code check",
      "timedOut": false,
      "duration": 0,
      "state": "passed",
      "speed": "fast",
      "pass": true,
      "fail": false,
      "pending": false,
      "code": "assert.equal(responseData.resultCode, 0);\nconsole.log(responseData.resultCode);\ndone();",
      "err": {},
      "isRoot": false,
      "uuid": "dec16277-d66e-4ba9-bcbb-c337bd9edb01",
      "parentUUID": "c1f821d2-140e-446b-9d00-cbe04b7642bb",
      "skipped": false
    },
    {
      "title": "token check",
      "fullTitle": "/user/signup/sms/apply token check",
      "timedOut": false,
      "duration": 0,
      "state": "passed",
      "speed": "fast",
      "pass": true,
      "fail": false,
      "pending": false,
      "code": "assert(responseData.data.token != null);\ntoken = responseData.data.token;\nconsole.log(responseData.data.token);\ndone();",
      "err": {},
      "isRoot": false,
      "uuid": "0c263ba8-4d96-4602-b5d5-80c5d33326a3",
      "parentUUID": "c1f821d2-140e-446b-9d00-cbe04b7642bb",
      "skipped": false
    },
    {
      "title": "http status check",
      "fullTitle": "/user/update http status check",
      "timedOut": false,
      "duration": 149,
      "state": "passed",
      "speed": "slow",
      "pass": true,
      "fail": false,
      "pending": false,
      "code": "var body = {\n    name : \"bluehack\",\n    gender : 0,\n    birth : 1483018800,\n    height : 180,\n    weight : 70\n};\nconsole.log(body);\napigClient.invokeApi(params, pathTemplate, method, additionalParams, body)\n    .then(function (result) {\n        responseData = result.data;\n        assert.equal(200, result.status);\n        console.log(responseData);\n        done();\n    }).catch(function (result) {\n    console.log(result);\n    done('error');\n});",
      "err": {},
      "isRoot": false,
      "uuid": "805dd3b1-2893-465c-a6e4-379ffa9c1dde",
      "parentUUID": "f844b57b-e505-416c-8519-9fe34b5a426b",
      "skipped": false
    },
    {
      "title": "result code check",
      "fullTitle": "/user/update result code check",
      "timedOut": false,
      "duration": 0,
      "state": "passed",
      "speed": "fast",
      "pass": true,
      "fail": false,
      "pending": false,
      "code": "console.log(responseData);\nassert.equal(responseData.resultCode, 0);\nconsole.log(responseData.resultCode);\ndone();",
      "err": {},
      "isRoot": false,
      "uuid": "e4e677a0-9f2d-4a84-96d2-b825701c4371",
      "parentUUID": "f844b57b-e505-416c-8519-9fe34b5a426b",
      "skipped": false
    },
    {
      "title": "change hidestep",
      "fullTitle": "/user/update change hidestep",
      "timedOut": false,
      "duration": 156,
      "state": "passed",
      "speed": "slow",
      "pass": true,
      "fail": false,
      "pending": false,
      "code": "var body = {\n    name : \"bluehack\",\n    gender : 0,\n    birth : 1483018800,\n    height : 180,\n    weight : 70,\n    hideStep: 0\n};\nconsole.log(body);\napigClient.invokeApi(params, pathTemplate, method, additionalParams, body)\n    .then(function (result) {\n        responseData = result.data;\n        assert.equal(200, result.status);\n        assert(\"Internal Server Error\" != result.data);\n        console.log(responseData);\n        done();\n    }).catch(function (result) {\n    console.log(result);\n    done('error');\n});",
      "err": {},
      "isRoot": false,
      "uuid": "7fc8d614-d436-4944-a992-628b37b53f8e",
      "parentUUID": "f844b57b-e505-416c-8519-9fe34b5a426b",
      "skipped": false
    },
    {
      "title": "http status check",
      "fullTitle": "/user http status check",
      "timedOut": false,
      "duration": 77,
      "state": "passed",
      "speed": "slow",
      "pass": true,
      "fail": false,
      "pending": false,
      "code": "apigClient.invokeApi(params, pathTemplate, method, additionalParams, body)\n    .then(function (result) {\n        responseData = result.data;\n        assert.equal(200, result.status);\n        // console.log(responseData);\n        done();\n    }).catch(function (result) {\n    console.log(result);\n    done('error');\n});",
      "err": {},
      "isRoot": false,
      "uuid": "c9076e22-57a2-4c4e-8f2d-35fe7571cc63",
      "parentUUID": "1d2f7459-7415-4aa6-b612-33fae26b566c",
      "skipped": false
    },
    {
      "title": "result code check",
      "fullTitle": "/user result code check",
      "timedOut": false,
      "duration": 0,
      "state": "passed",
      "speed": "fast",
      "pass": true,
      "fail": false,
      "pending": false,
      "code": "// console.log(responseData);\nassert.equal(responseData.resultCode, 0);\nconsole.log(responseData.resultCode);\ndone();",
      "err": {},
      "isRoot": false,
      "uuid": "a628aca6-a506-49d0-ba8c-b75589d595c4",
      "parentUUID": "1d2f7459-7415-4aa6-b612-33fae26b566c",
      "skipped": false
    },
    {
      "title": "data null check",
      "fullTitle": "/user data null check",
      "timedOut": false,
      "duration": 75,
      "state": "passed",
      "speed": "medium",
      "pass": true,
      "fail": false,
      "pending": false,
      "code": "apigClient.invokeApi(params, pathTemplate, method, additionalParams, body)\n    .then(function (result) {\n        responseData = result.data;\n        console.log(responseData.data);\n        assert(responseData.data != null);\n        done();\n    }).catch(function (result) {\n    console.log(result);\n    done('error');\n});",
      "err": {},
      "isRoot": false,
      "uuid": "26ce35ce-576d-4183-97b2-4d957e127699",
      "parentUUID": "1d2f7459-7415-4aa6-b612-33fae26b566c",
      "skipped": false
    },
    {
      "title": "data.name null check",
      "fullTitle": "/user data.name null check",
      "timedOut": false,
      "duration": 86,
      "state": "passed",
      "speed": "slow",
      "pass": true,
      "fail": false,
      "pending": false,
      "code": "apigClient.invokeApi(params, pathTemplate, method, additionalParams, body)\n    .then(function (result) {\n        assert(responseData.data.name != null);\n        console.log(responseData.data.name);\n        done();\n    }).catch(function (result) {\n    console.log(result);\n    done('error');\n});",
      "err": {},
      "isRoot": false,
      "uuid": "4b3ab0e0-2e31-4aea-bb4a-c7583c3f09d3",
      "parentUUID": "1d2f7459-7415-4aa6-b612-33fae26b566c",
      "skipped": false
    },
    {
      "title": "data.profile null check",
      "fullTitle": "/user data.profile null check",
      "timedOut": false,
      "duration": 86,
      "state": "passed",
      "speed": "slow",
      "pass": true,
      "fail": false,
      "pending": false,
      "code": "apigClient.invokeApi(params, pathTemplate, method, additionalParams, body)\n    .then(function (result) {\n        assert(responseData.data.profile!= null);\n        console.log(responseData.data.profile);\n        done();\n    }).catch(function (result) {\n    console.log(result);\n    done('error');\n});",
      "err": {},
      "isRoot": false,
      "uuid": "9884488c-d644-47e0-89dc-b17424a925cd",
      "parentUUID": "1d2f7459-7415-4aa6-b612-33fae26b566c",
      "skipped": false
    },
    {
      "title": "http status check",
      "fullTitle": "/user http status check",
      "timedOut": false,
      "duration": 69,
      "state": "passed",
      "speed": "medium",
      "pass": true,
      "fail": false,
      "pending": false,
      "code": "apigClient.invokeApi(params, pathTemplate, method, additionalParams, body)\n    .then(function (result) {\n        responseData = result.data;\n        assert.equal(200, result.status);\n        // console.log(responseData);\n        done();\n    }).catch(function (result) {\n    console.log(result);\n    done('error');\n});",
      "err": {},
      "isRoot": false,
      "uuid": "b526d702-ed4d-4165-a274-5122cd2c74ba",
      "parentUUID": "59a51ccd-e273-4f44-a129-e7009143c777",
      "skipped": false
    },
    {
      "title": "result code check",
      "fullTitle": "/user result code check",
      "timedOut": false,
      "duration": 0,
      "state": "passed",
      "speed": "fast",
      "pass": true,
      "fail": false,
      "pending": false,
      "code": "// console.log(responseData);\nassert.equal(responseData.resultCode, 0);\nconsole.log(responseData.resultCode);\ndone();",
      "err": {},
      "isRoot": false,
      "uuid": "da43c9a8-f33c-4824-ba22-d3300fd03d75",
      "parentUUID": "59a51ccd-e273-4f44-a129-e7009143c777",
      "skipped": false
    },
    {
      "title": "data null check",
      "fullTitle": "/user data null check",
      "timedOut": false,
      "duration": 1,
      "state": "passed",
      "speed": "fast",
      "pass": true,
      "fail": false,
      "pending": false,
      "code": "console.log(responseData.data);\nassert(responseData.data != null);\ndone();",
      "err": {},
      "isRoot": false,
      "uuid": "b716b349-0463-4054-a732-4880d8aabf6a",
      "parentUUID": "59a51ccd-e273-4f44-a129-e7009143c777",
      "skipped": false
    },
    {
      "title": "data.name null check",
      "fullTitle": "/user data.name null check",
      "timedOut": false,
      "duration": 0,
      "state": "passed",
      "speed": "fast",
      "pass": true,
      "fail": false,
      "pending": false,
      "code": "assert(responseData.data.name != null);\nconsole.log(responseData.data.name);\ndone();",
      "err": {},
      "isRoot": false,
      "uuid": "7311a2e7-b766-4ba8-89dc-347ddc189f0d",
      "parentUUID": "59a51ccd-e273-4f44-a129-e7009143c777",
      "skipped": false
    },
    {
      "title": "data.profile null check",
      "fullTitle": "/user data.profile null check",
      "timedOut": false,
      "duration": 0,
      "state": "passed",
      "speed": "fast",
      "pass": true,
      "fail": false,
      "pending": false,
      "code": "assert(responseData.data.profile!= null);\nconsole.log(responseData.data.profile);\ndone();",
      "err": {},
      "isRoot": false,
      "uuid": "9c8e4b31-a849-4cb1-a776-40aa34585d23",
      "parentUUID": "59a51ccd-e273-4f44-a129-e7009143c777",
      "skipped": false
    },
    {
      "title": "http status check",
      "fullTitle": "/user/stat/week http status check",
      "timedOut": false,
      "duration": 235,
      "state": "passed",
      "speed": "slow",
      "pass": true,
      "fail": false,
      "pending": false,
      "code": "apigClient.invokeApi(params, pathTemplate, method, additionalParams, body)\n    .then(function (result) {\n        responseData = result.data;\n        assert.equal(200, result.status);\n        // console.log(responseData);\n        done();\n    }).catch(function (result) {\n    console.log(result);\n    done('error');\n});",
      "err": {},
      "isRoot": false,
      "uuid": "1060ad01-0e72-495f-b413-00feea90edd1",
      "parentUUID": "d85e5eb0-8258-49e5-83f3-33d483f48f1c",
      "skipped": false
    },
    {
      "title": "result code check",
      "fullTitle": "/user/stat/week result code check",
      "timedOut": false,
      "duration": 0,
      "state": "passed",
      "speed": "fast",
      "pass": true,
      "fail": false,
      "pending": false,
      "code": "// console.log(responseData);\nassert.equal(responseData.resultCode, 0);\nconsole.log(responseData.resultCode);\ndone();",
      "err": {},
      "isRoot": false,
      "uuid": "527aa880-8649-451f-b293-94192763ca54",
      "parentUUID": "d85e5eb0-8258-49e5-83f3-33d483f48f1c",
      "skipped": false
    },
    {
      "title": "data null check",
      "fullTitle": "/user/stat/week data null check",
      "timedOut": false,
      "duration": 0,
      "state": "passed",
      "speed": "fast",
      "pass": true,
      "fail": false,
      "pending": false,
      "code": "console.log(responseData.data);\nassert(responseData.data != null);\ndone();",
      "err": {},
      "isRoot": false,
      "uuid": "11452bd3-5527-4b28-8a03-2f1cf27df09f",
      "parentUUID": "d85e5eb0-8258-49e5-83f3-33d483f48f1c",
      "skipped": false
    },
    {
      "title": "data.stat null check",
      "fullTitle": "/user/stat/week data.stat null check",
      "timedOut": false,
      "duration": 1,
      "state": "passed",
      "speed": "fast",
      "pass": true,
      "fail": false,
      "pending": false,
      "code": "assert(responseData.data.stat != null);\nconsole.log(responseData.data.stat);\ndone();",
      "err": {},
      "isRoot": false,
      "uuid": "dc7f0207-ae80-43d1-b48b-8233635de7cc",
      "parentUUID": "d85e5eb0-8258-49e5-83f3-33d483f48f1c",
      "skipped": false
    }
  ],
  "allFailures": [
    {
      "title": "data.popup size check",
      "fullTitle": "/app/notice/popup data.popup size check",
      "timedOut": false,
      "duration": 1,
      "state": "failed",
      "pass": false,
      "fail": true,
      "pending": false,
      "code": "assert(responseData.data.popup.length > 0);\nconsole.log(responseData.popup.terms);\ndone();",
      "err": {
        "name": "AssertionError",
        "actual": "false",
        "expected": "true",
        "operator": "==",
        "message": "false == true",
        "generatedMessage": true,
        "estack": "AssertionError: false == true\n    at Context.<anonymous> (test/app.js:187:13)",
        "diff": "- false\n+ true\n"
      },
      "isRoot": false,
      "uuid": "f67b44b6-940b-40af-83a5-8c070a1a211c",
      "parentUUID": "45cc3977-b69d-487c-8845-741e6d144243",
      "skipped": false
    },
    {
      "title": "data null check",
      "fullTitle": "/user/login/phoneno data null check",
      "timedOut": false,
      "duration": 128,
      "state": "failed",
      "pass": false,
      "fail": true,
      "pending": false,
      "code": "console.log(body);\napigClient.invokeApi(params, pathTemplate, method, additionalParams, body)\n    .then(function (result) {\n        responseData = result.data;\n        assert.equal(200, result.status);\n        console.log(responseData);\n        assert(responseData.data != null);\n        console.log(responseData.data);\n        done();\n    }).catch(function (result) {\n    console.log(result);\n    done('error');\n});",
      "err": {
        "estack": "Error: done() invoked with non-Error: error\n    at test/users.js:131:17\n    at process._tickCallback (internal/process/next_tick.js:103:7)"
      },
      "isRoot": false,
      "uuid": "9781e46a-01d2-43c8-a686-c462d995221d",
      "parentUUID": "800c86d6-1d03-4dfc-a53a-593d35c8624f",
      "skipped": false
    },
    {
      "title": "result code check",
      "fullTitle": "/user/login/phoneno result code check",
      "timedOut": false,
      "duration": 0,
      "state": "failed",
      "pass": false,
      "fail": true,
      "pending": false,
      "code": "assert.equal(responseData.resultCode, 0);\nconsole.log(responseData.resultCode);\ndone();",
      "err": {
        "name": "AssertionError",
        "actual": "101",
        "expected": "0",
        "operator": "==",
        "message": "101 == 0",
        "generatedMessage": true,
        "estack": "AssertionError: 101 == 0\n    at Context.<anonymous> (test/users.js:135:20)",
        "diff": "- 101\n+ 0\n"
      },
      "isRoot": false,
      "uuid": "a9674564-94f0-4c9f-bb13-73e347c86b3e",
      "parentUUID": "800c86d6-1d03-4dfc-a53a-593d35c8624f",
      "skipped": false
    },
    {
      "title": "data null check",
      "fullTitle": "/user/login/phoneno data null check",
      "timedOut": false,
      "duration": 1,
      "state": "failed",
      "pass": false,
      "fail": true,
      "pending": false,
      "code": "assert(responseData.data != null);\nconsole.log(responseData.data);\ndone();",
      "err": {
        "name": "AssertionError",
        "actual": "false",
        "expected": "true",
        "operator": "==",
        "message": "false == true",
        "generatedMessage": true,
        "estack": "AssertionError: false == true\n    at Context.<anonymous> (test/users.js:140:13)",
        "diff": "- false\n+ true\n"
      },
      "isRoot": false,
      "uuid": "1fc39785-6ea6-4e2d-8bfc-4b32f271d34c",
      "parentUUID": "800c86d6-1d03-4dfc-a53a-593d35c8624f",
      "skipped": false
    },
    {
      "title": "token check",
      "fullTitle": "/user/login/phoneno token check",
      "timedOut": false,
      "duration": 0,
      "state": "failed",
      "pass": false,
      "fail": true,
      "pending": false,
      "code": "assert(responseData.data.token != null);\nconsole.log(responseData.data.token);\ndone();",
      "err": {
        "estack": "TypeError: Cannot read property 'token' of undefined\n    at Context.<anonymous> (test/users.js:145:37)"
      },
      "isRoot": false,
      "uuid": "2a061c05-b0af-4435-97ef-69cb91328466",
      "parentUUID": "800c86d6-1d03-4dfc-a53a-593d35c8624f",
      "skipped": false
    }
  ],
  "copyrightYear": 2017
}